{
    "/home/travis/build/kaizhu256/node-sqlite3-lite/test.js": {
        "path": "/home/travis/build/kaizhu256/node-sqlite3-lite/test.js",
        "s": {
            "1": 2,
            "2": 2,
            "3": 2,
            "4": 2,
            "5": 2,
            "6": 0,
            "7": 0,
            "8": 0,
            "9": 0,
            "10": 0,
            "11": 0,
            "12": 0,
            "13": 2,
            "14": 2,
            "15": 2,
            "16": 2,
            "17": 0,
            "18": 0,
            "19": 0,
            "20": 0,
            "21": 0,
            "22": 0,
            "23": 0,
            "24": 0,
            "25": 0,
            "26": 0,
            "27": 0,
            "28": 0,
            "29": 0,
            "30": 2,
            "31": 0,
            "32": 0,
            "33": 0,
            "34": 2,
            "35": 0,
            "36": 0,
            "37": 0,
            "38": 0,
            "39": 0,
            "40": 0,
            "41": 0,
            "42": 0,
            "43": 0,
            "44": 2,
            "45": 0,
            "46": 2,
            "47": 0,
            "48": 2,
            "49": 0,
            "50": 0,
            "51": 0,
            "52": 0,
            "53": 0,
            "54": 0,
            "55": 0,
            "56": 0,
            "57": 0,
            "58": 0,
            "59": 0,
            "60": 0,
            "61": 2,
            "62": 0,
            "63": 0,
            "64": 2,
            "65": 0,
            "66": 0,
            "67": 0,
            "68": 2,
            "69": 2,
            "70": 2,
            "71": 2,
            "72": 2,
            "73": 2,
            "74": 2,
            "75": 2,
            "76": 2,
            "77": 2,
            "78": 2,
            "79": 2,
            "80": 2,
            "81": 2,
            "82": 2,
            "83": 2,
            "84": 2,
            "85": 2,
            "86": 2,
            "87": 2,
            "88": 2
        },
        "b": {
            "1": [
                0,
                2
            ],
            "2": [
                2,
                1,
                1
            ],
            "3": [
                2,
                1
            ],
            "4": [
                0,
                0
            ],
            "5": [
                0,
                0
            ],
            "6": [
                0,
                0
            ],
            "7": [
                0,
                0
            ],
            "8": [
                0,
                0
            ],
            "9": [
                0,
                0
            ],
            "10": [
                0,
                0,
                0
            ],
            "11": [
                0,
                0
            ],
            "12": [
                0,
                0
            ],
            "13": [
                0,
                0,
                0
            ],
            "14": [
                0,
                0
            ],
            "15": [
                0,
                0,
                0
            ],
            "16": [
                0,
                0
            ],
            "17": [
                0,
                0,
                0,
                0,
                0,
                0,
                0
            ],
            "18": [
                0,
                0
            ],
            "19": [
                0,
                2
            ],
            "20": [
                2,
                1,
                1,
                1
            ],
            "21": [
                2,
                1
            ]
        },
        "f": {
            "1": 2,
            "2": 0,
            "3": 0,
            "4": 0,
            "5": 0,
            "6": 0,
            "7": 0,
            "8": 0,
            "9": 0,
            "10": 0,
            "11": 0,
            "12": 0,
            "13": 0,
            "14": 0,
            "15": 2,
            "16": 2,
            "17": 2,
            "18": 2
        },
        "fnMap": {
            "1": {
                "name": "(anonymous_1)",
                "line": 6,
                "loc": {
                    "start": {
                        "line": 6,
                        "column": 1
                    },
                    "end": {
                        "line": 6,
                        "column": 13
                    }
                },
                "skip": true
            },
            "2": {
                "name": "(anonymous_2)",
                "line": 15,
                "loc": {
                    "start": {
                        "line": 15,
                        "column": 33
                    },
                    "end": {
                        "line": 15,
                        "column": 55
                    }
                },
                "skip": true
            },
            "3": {
                "name": "assertJsonEqual",
                "line": 37,
                "loc": {
                    "start": {
                        "line": 37,
                        "column": 4
                    },
                    "end": {
                        "line": 37,
                        "column": 37
                    }
                },
                "skip": true
            },
            "4": {
                "name": "objectDeepCopyWithKeysSorted",
                "line": 41,
                "loc": {
                    "start": {
                        "line": 41,
                        "column": 8
                    },
                    "end": {
                        "line": 41,
                        "column": 51
                    }
                },
                "skip": true
            },
            "5": {
                "name": "(anonymous_5)",
                "line": 55,
                "loc": {
                    "start": {
                        "line": 55,
                        "column": 44
                    },
                    "end": {
                        "line": 55,
                        "column": 59
                    }
                },
                "skip": true
            },
            "6": {
                "name": "assertOrThrow",
                "line": 66,
                "loc": {
                    "start": {
                        "line": 66,
                        "column": 4
                    },
                    "end": {
                        "line": 66,
                        "column": 40
                    }
                },
                "skip": true
            },
            "7": {
                "name": "coalesce",
                "line": 90,
                "loc": {
                    "start": {
                        "line": 90,
                        "column": 4
                    },
                    "end": {
                        "line": 90,
                        "column": 34
                    }
                },
                "skip": true
            },
            "8": {
                "name": "identity",
                "line": 106,
                "loc": {
                    "start": {
                        "line": 106,
                        "column": 4
                    },
                    "end": {
                        "line": 106,
                        "column": 27
                    }
                },
                "skip": true
            },
            "9": {
                "name": "nop",
                "line": 112,
                "loc": {
                    "start": {
                        "line": 112,
                        "column": 4
                    },
                    "end": {
                        "line": 112,
                        "column": 19
                    }
                },
                "skip": true
            },
            "10": {
                "name": "objectAssignDefault",
                "line": 118,
                "loc": {
                    "start": {
                        "line": 118,
                        "column": 4
                    },
                    "end": {
                        "line": 118,
                        "column": 64
                    }
                },
                "skip": true
            },
            "11": {
                "name": "(anonymous_11)",
                "line": 124,
                "loc": {
                    "start": {
                        "line": 124,
                        "column": 18
                    },
                    "end": {
                        "line": 124,
                        "column": 45
                    }
                },
                "skip": true
            },
            "12": {
                "name": "(anonymous_12)",
                "line": 125,
                "loc": {
                    "start": {
                        "line": 125,
                        "column": 40
                    },
                    "end": {
                        "line": 127,
                        "column": 15
                    }
                },
                "skip": true
            },
            "13": {
                "name": "onErrorThrow",
                "line": 146,
                "loc": {
                    "start": {
                        "line": 146,
                        "column": 4
                    },
                    "end": {
                        "line": 146,
                        "column": 31
                    }
                },
                "skip": true
            },
            "14": {
                "name": "(anonymous_14)",
                "line": 161,
                "loc": {
                    "start": {
                        "line": 161,
                        "column": 41
                    },
                    "end": {
                        "line": 161,
                        "column": 56
                    }
                },
                "skip": true
            },
            "15": {
                "name": "(anonymous_15)",
                "line": 183,
                "loc": {
                    "start": {
                        "line": 183,
                        "column": 1
                    },
                    "end": {
                        "line": 183,
                        "column": 18
                    }
                }
            },
            "16": {
                "name": "(anonymous_16)",
                "line": 189,
                "loc": {
                    "start": {
                        "line": 189,
                        "column": 1
                    },
                    "end": {
                        "line": 189,
                        "column": 13
                    }
                },
                "skip": true
            },
            "17": {
                "name": "(anonymous_17)",
                "line": 200,
                "loc": {
                    "start": {
                        "line": 200,
                        "column": 1
                    },
                    "end": {
                        "line": 200,
                        "column": 13
                    }
                }
            },
            "18": {
                "name": "(anonymous_18)",
                "line": 201,
                "loc": {
                    "start": {
                        "line": 201,
                        "column": 34
                    },
                    "end": {
                        "line": 201,
                        "column": 58
                    }
                }
            }
        },
        "statementMap": {
            "1": {
                "start": {
                    "line": 6,
                    "column": 0
                },
                "end": {
                    "line": 178,
                    "column": 5
                },
                "skip": true
            },
            "2": {
                "start": {
                    "line": 8,
                    "column": 4
                },
                "end": {
                    "line": 8,
                    "column": 18
                },
                "skip": true
            },
            "3": {
                "start": {
                    "line": 9,
                    "column": 4
                },
                "end": {
                    "line": 9,
                    "column": 20
                },
                "skip": true
            },
            "4": {
                "start": {
                    "line": 10,
                    "column": 4
                },
                "end": {
                    "line": 10,
                    "column": 14
                },
                "skip": true
            },
            "5": {
                "start": {
                    "line": 12,
                    "column": 4
                },
                "end": {
                    "line": 25,
                    "column": 5
                },
                "skip": true
            },
            "6": {
                "start": {
                    "line": 13,
                    "column": 8
                },
                "end": {
                    "line": 13,
                    "column": 25
                },
                "skip": true
            },
            "7": {
                "start": {
                    "line": 14,
                    "column": 8
                },
                "end": {
                    "line": 14,
                    "column": 37
                },
                "skip": true
            },
            "8": {
                "start": {
                    "line": 15,
                    "column": 8
                },
                "end": {
                    "line": 24,
                    "column": 10
                },
                "skip": true
            },
            "9": {
                "start": {
                    "line": 20,
                    "column": 12
                },
                "end": {
                    "line": 20,
                    "column": 44
                },
                "skip": true
            },
            "10": {
                "start": {
                    "line": 21,
                    "column": 12
                },
                "end": {
                    "line": 21,
                    "column": 37
                },
                "skip": true
            },
            "11": {
                "start": {
                    "line": 22,
                    "column": 12
                },
                "end": {
                    "line": 22,
                    "column": 31
                },
                "skip": true
            },
            "12": {
                "start": {
                    "line": 23,
                    "column": 12
                },
                "end": {
                    "line": 23,
                    "column": 30
                },
                "skip": true
            },
            "13": {
                "start": {
                    "line": 27,
                    "column": 4
                },
                "end": {
                    "line": 31,
                    "column": 6
                },
                "skip": true
            },
            "14": {
                "start": {
                    "line": 33,
                    "column": 4
                },
                "end": {
                    "line": 35,
                    "column": 6
                },
                "skip": true
            },
            "15": {
                "start": {
                    "line": 37,
                    "column": 4
                },
                "end": {
                    "line": 65,
                    "column": 5
                },
                "skip": true
            },
            "16": {
                "start": {
                    "line": 41,
                    "column": 8
                },
                "end": {
                    "line": 59,
                    "column": 9
                },
                "skip": true
            },
            "17": {
                "start": {
                    "line": 45,
                    "column": 12
                },
                "end": {
                    "line": 45,
                    "column": 23
                },
                "skip": true
            },
            "18": {
                "start": {
                    "line": 46,
                    "column": 12
                },
                "end": {
                    "line": 48,
                    "column": 13
                },
                "skip": true
            },
            "19": {
                "start": {
                    "line": 47,
                    "column": 16
                },
                "end": {
                    "line": 47,
                    "column": 27
                },
                "skip": true
            },
            "20": {
                "start": {
                    "line": 50,
                    "column": 12
                },
                "end": {
                    "line": 52,
                    "column": 13
                },
                "skip": true
            },
            "21": {
                "start": {
                    "line": 51,
                    "column": 16
                },
                "end": {
                    "line": 51,
                    "column": 61
                },
                "skip": true
            },
            "22": {
                "start": {
                    "line": 54,
                    "column": 12
                },
                "end": {
                    "line": 54,
                    "column": 24
                },
                "skip": true
            },
            "23": {
                "start": {
                    "line": 55,
                    "column": 12
                },
                "end": {
                    "line": 57,
                    "column": 15
                },
                "skip": true
            },
            "24": {
                "start": {
                    "line": 56,
                    "column": 16
                },
                "end": {
                    "line": 56,
                    "column": 69
                },
                "skip": true
            },
            "25": {
                "start": {
                    "line": 58,
                    "column": 12
                },
                "end": {
                    "line": 58,
                    "column": 26
                },
                "skip": true
            },
            "26": {
                "start": {
                    "line": 60,
                    "column": 8
                },
                "end": {
                    "line": 60,
                    "column": 62
                },
                "skip": true
            },
            "27": {
                "start": {
                    "line": 61,
                    "column": 8
                },
                "end": {
                    "line": 61,
                    "column": 62
                },
                "skip": true
            },
            "28": {
                "start": {
                    "line": 62,
                    "column": 8
                },
                "end": {
                    "line": 64,
                    "column": 9
                },
                "skip": true
            },
            "29": {
                "start": {
                    "line": 63,
                    "column": 12
                },
                "end": {
                    "line": 63,
                    "column": 79
                },
                "skip": true
            },
            "30": {
                "start": {
                    "line": 66,
                    "column": 4
                },
                "end": {
                    "line": 89,
                    "column": 5
                },
                "skip": true
            },
            "31": {
                "start": {
                    "line": 70,
                    "column": 8
                },
                "end": {
                    "line": 72,
                    "column": 9
                },
                "skip": true
            },
            "32": {
                "start": {
                    "line": 71,
                    "column": 12
                },
                "end": {
                    "line": 71,
                    "column": 19
                },
                "skip": true
            },
            "33": {
                "start": {
                    "line": 73,
                    "column": 8
                },
                "end": {
                    "line": 88,
                    "column": 10
                },
                "skip": true
            },
            "34": {
                "start": {
                    "line": 90,
                    "column": 4
                },
                "end": {
                    "line": 105,
                    "column": 5
                },
                "skip": true
            },
            "35": {
                "start": {
                    "line": 94,
                    "column": 8
                },
                "end": {
                    "line": 94,
                    "column": 16
                },
                "skip": true
            },
            "36": {
                "start": {
                    "line": 95,
                    "column": 8
                },
                "end": {
                    "line": 95,
                    "column": 15
                },
                "skip": true
            },
            "37": {
                "start": {
                    "line": 96,
                    "column": 8
                },
                "end": {
                    "line": 96,
                    "column": 15
                },
                "skip": true
            },
            "38": {
                "start": {
                    "line": 97,
                    "column": 8
                },
                "end": {
                    "line": 103,
                    "column": 9
                },
                "skip": true
            },
            "39": {
                "start": {
                    "line": 98,
                    "column": 12
                },
                "end": {
                    "line": 98,
                    "column": 30
                },
                "skip": true
            },
            "40": {
                "start": {
                    "line": 99,
                    "column": 12
                },
                "end": {
                    "line": 101,
                    "column": 13
                },
                "skip": true
            },
            "41": {
                "start": {
                    "line": 100,
                    "column": 16
                },
                "end": {
                    "line": 100,
                    "column": 27
                },
                "skip": true
            },
            "42": {
                "start": {
                    "line": 102,
                    "column": 12
                },
                "end": {
                    "line": 102,
                    "column": 20
                },
                "skip": true
            },
            "43": {
                "start": {
                    "line": 104,
                    "column": 8
                },
                "end": {
                    "line": 104,
                    "column": 19
                },
                "skip": true
            },
            "44": {
                "start": {
                    "line": 106,
                    "column": 4
                },
                "end": {
                    "line": 111,
                    "column": 5
                },
                "skip": true
            },
            "45": {
                "start": {
                    "line": 110,
                    "column": 8
                },
                "end": {
                    "line": 110,
                    "column": 19
                },
                "skip": true
            },
            "46": {
                "start": {
                    "line": 112,
                    "column": 4
                },
                "end": {
                    "line": 117,
                    "column": 5
                },
                "skip": true
            },
            "47": {
                "start": {
                    "line": 116,
                    "column": 8
                },
                "end": {
                    "line": 116,
                    "column": 15
                },
                "skip": true
            },
            "48": {
                "start": {
                    "line": 118,
                    "column": 4
                },
                "end": {
                    "line": 145,
                    "column": 5
                },
                "skip": true
            },
            "49": {
                "start": {
                    "line": 123,
                    "column": 8
                },
                "end": {
                    "line": 123,
                    "column": 20
                },
                "skip": true
            },
            "50": {
                "start": {
                    "line": 124,
                    "column": 8
                },
                "end": {
                    "line": 142,
                    "column": 10
                },
                "skip": true
            },
            "51": {
                "start": {
                    "line": 125,
                    "column": 12
                },
                "end": {
                    "line": 141,
                    "column": 15
                },
                "skip": true
            },
            "52": {
                "start": {
                    "line": 128,
                    "column": 16
                },
                "end": {
                    "line": 128,
                    "column": 23
                },
                "skip": true
            },
            "53": {
                "start": {
                    "line": 129,
                    "column": 16
                },
                "end": {
                    "line": 129,
                    "column": 30
                },
                "skip": true
            },
            "54": {
                "start": {
                    "line": 130,
                    "column": 16
                },
                "end": {
                    "line": 133,
                    "column": 17
                },
                "skip": true
            },
            "55": {
                "start": {
                    "line": 131,
                    "column": 20
                },
                "end": {
                    "line": 131,
                    "column": 34
                },
                "skip": true
            },
            "56": {
                "start": {
                    "line": 132,
                    "column": 20
                },
                "end": {
                    "line": 132,
                    "column": 27
                },
                "skip": true
            },
            "57": {
                "start": {
                    "line": 134,
                    "column": 16
                },
                "end": {
                    "line": 140,
                    "column": 17
                },
                "skip": true
            },
            "58": {
                "start": {
                    "line": 139,
                    "column": 20
                },
                "end": {
                    "line": 139,
                    "column": 47
                },
                "skip": true
            },
            "59": {
                "start": {
                    "line": 143,
                    "column": 8
                },
                "end": {
                    "line": 143,
                    "column": 37
                },
                "skip": true
            },
            "60": {
                "start": {
                    "line": 144,
                    "column": 8
                },
                "end": {
                    "line": 144,
                    "column": 19
                },
                "skip": true
            },
            "61": {
                "start": {
                    "line": 146,
                    "column": 4
                },
                "end": {
                    "line": 153,
                    "column": 5
                },
                "skip": true
            },
            "62": {
                "start": {
                    "line": 150,
                    "column": 8
                },
                "end": {
                    "line": 152,
                    "column": 9
                },
                "skip": true
            },
            "63": {
                "start": {
                    "line": 151,
                    "column": 12
                },
                "end": {
                    "line": 151,
                    "column": 22
                },
                "skip": true
            },
            "64": {
                "start": {
                    "line": 155,
                    "column": 4
                },
                "end": {
                    "line": 164,
                    "column": 5
                },
                "skip": true
            },
            "65": {
                "start": {
                    "line": 160,
                    "column": 8
                },
                "end": {
                    "line": 160,
                    "column": 47
                },
                "skip": true
            },
            "66": {
                "start": {
                    "line": 161,
                    "column": 8
                },
                "end": {
                    "line": 163,
                    "column": 11
                },
                "skip": true
            },
            "67": {
                "start": {
                    "line": 162,
                    "column": 12
                },
                "end": {
                    "line": 162,
                    "column": 22
                },
                "skip": true
            },
            "68": {
                "start": {
                    "line": 166,
                    "column": 4
                },
                "end": {
                    "line": 166,
                    "column": 15
                },
                "skip": true
            },
            "69": {
                "start": {
                    "line": 167,
                    "column": 4
                },
                "end": {
                    "line": 167,
                    "column": 24
                },
                "skip": true
            },
            "70": {
                "start": {
                    "line": 168,
                    "column": 4
                },
                "end": {
                    "line": 168,
                    "column": 35
                },
                "skip": true
            },
            "71": {
                "start": {
                    "line": 169,
                    "column": 4
                },
                "end": {
                    "line": 169,
                    "column": 44
                },
                "skip": true
            },
            "72": {
                "start": {
                    "line": 170,
                    "column": 4
                },
                "end": {
                    "line": 170,
                    "column": 40
                },
                "skip": true
            },
            "73": {
                "start": {
                    "line": 171,
                    "column": 4
                },
                "end": {
                    "line": 171,
                    "column": 30
                },
                "skip": true
            },
            "74": {
                "start": {
                    "line": 172,
                    "column": 4
                },
                "end": {
                    "line": 172,
                    "column": 30
                },
                "skip": true
            },
            "75": {
                "start": {
                    "line": 173,
                    "column": 4
                },
                "end": {
                    "line": 173,
                    "column": 32
                },
                "skip": true
            },
            "76": {
                "start": {
                    "line": 174,
                    "column": 4
                },
                "end": {
                    "line": 174,
                    "column": 36
                },
                "skip": true
            },
            "77": {
                "start": {
                    "line": 175,
                    "column": 4
                },
                "end": {
                    "line": 175,
                    "column": 20
                },
                "skip": true
            },
            "78": {
                "start": {
                    "line": 176,
                    "column": 4
                },
                "end": {
                    "line": 176,
                    "column": 52
                },
                "skip": true
            },
            "79": {
                "start": {
                    "line": 177,
                    "column": 4
                },
                "end": {
                    "line": 177,
                    "column": 38
                },
                "skip": true
            },
            "80": {
                "start": {
                    "line": 183,
                    "column": 0
                },
                "end": {
                    "line": 215,
                    "column": 5
                }
            },
            "81": {
                "start": {
                    "line": 189,
                    "column": 0
                },
                "end": {
                    "line": 196,
                    "column": 5
                },
                "skip": true
            },
            "82": {
                "start": {
                    "line": 191,
                    "column": 0
                },
                "end": {
                    "line": 191,
                    "column": 51
                },
                "skip": true
            },
            "83": {
                "start": {
                    "line": 192,
                    "column": 0
                },
                "end": {
                    "line": 192,
                    "column": 30
                },
                "skip": true
            },
            "84": {
                "start": {
                    "line": 193,
                    "column": 0
                },
                "end": {
                    "line": 193,
                    "column": 25
                },
                "skip": true
            },
            "85": {
                "start": {
                    "line": 195,
                    "column": 0
                },
                "end": {
                    "line": 195,
                    "column": 28
                },
                "skip": true
            },
            "86": {
                "start": {
                    "line": 200,
                    "column": 0
                },
                "end": {
                    "line": 214,
                    "column": 5
                }
            },
            "87": {
                "start": {
                    "line": 201,
                    "column": 0
                },
                "end": {
                    "line": 213,
                    "column": 2
                }
            },
            "88": {
                "start": {
                    "line": 205,
                    "column": 4
                },
                "end": {
                    "line": 212,
                    "column": 21
                }
            }
        },
        "branchMap": {
            "1": {
                "line": 12,
                "type": "if",
                "locations": [
                    {
                        "start": {
                            "line": 12,
                            "column": 4
                        },
                        "end": {
                            "line": 12,
                            "column": 4
                        },
                        "skip": true
                    },
                    {
                        "start": {
                            "line": 12,
                            "column": 4
                        },
                        "end": {
                            "line": 12,
                            "column": 4
                        },
                        "skip": true
                    }
                ]
            },
            "2": {
                "line": 28,
                "type": "binary-expr",
                "locations": [
                    {
                        "start": {
                            "line": 28,
                            "column": 8
                        },
                        "end": {
                            "line": 28,
                            "column": 55
                        },
                        "skip": true
                    },
                    {
                        "start": {
                            "line": 29,
                            "column": 11
                        },
                        "end": {
                            "line": 29,
                            "column": 31
                        },
                        "skip": true
                    },
                    {
                        "start": {
                            "line": 30,
                            "column": 11
                        },
                        "end": {
                            "line": 30,
                            "column": 61
                        },
                        "skip": true
                    }
                ]
            },
            "3": {
                "line": 34,
                "type": "binary-expr",
                "locations": [
                    {
                        "start": {
                            "line": 34,
                            "column": 8
                        },
                        "end": {
                            "line": 34,
                            "column": 17
                        },
                        "skip": true
                    },
                    {
                        "start": {
                            "line": 34,
                            "column": 21
                        },
                        "end": {
                            "line": 34,
                            "column": 67
                        },
                        "skip": true
                    }
                ]
            },
            "4": {
                "line": 46,
                "type": "if",
                "locations": [
                    {
                        "start": {
                            "line": 46,
                            "column": 12
                        },
                        "end": {
                            "line": 46,
                            "column": 12
                        },
                        "skip": true
                    },
                    {
                        "start": {
                            "line": 46,
                            "column": 12
                        },
                        "end": {
                            "line": 46,
                            "column": 12
                        },
                        "skip": true
                    }
                ]
            },
            "5": {
                "line": 46,
                "type": "binary-expr",
                "locations": [
                    {
                        "start": {
                            "line": 46,
                            "column": 16
                        },
                        "end": {
                            "line": 46,
                            "column": 39
                        },
                        "skip": true
                    },
                    {
                        "start": {
                            "line": 46,
                            "column": 43
                        },
                        "end": {
                            "line": 46,
                            "column": 47
                        },
                        "skip": true
                    }
                ]
            },
            "6": {
                "line": 50,
                "type": "if",
                "locations": [
                    {
                        "start": {
                            "line": 50,
                            "column": 12
                        },
                        "end": {
                            "line": 50,
                            "column": 12
                        },
                        "skip": true
                    },
                    {
                        "start": {
                            "line": 50,
                            "column": 12
                        },
                        "end": {
                            "line": 50,
                            "column": 12
                        },
                        "skip": true
                    }
                ]
            },
            "7": {
                "line": 62,
                "type": "if",
                "locations": [
                    {
                        "start": {
                            "line": 62,
                            "column": 8
                        },
                        "end": {
                            "line": 62,
                            "column": 8
                        },
                        "skip": true
                    },
                    {
                        "start": {
                            "line": 62,
                            "column": 8
                        },
                        "end": {
                            "line": 62,
                            "column": 8
                        },
                        "skip": true
                    }
                ]
            },
            "8": {
                "line": 70,
                "type": "if",
                "locations": [
                    {
                        "start": {
                            "line": 70,
                            "column": 8
                        },
                        "end": {
                            "line": 70,
                            "column": 8
                        },
                        "skip": true
                    },
                    {
                        "start": {
                            "line": 70,
                            "column": 8
                        },
                        "end": {
                            "line": 70,
                            "column": 8
                        },
                        "skip": true
                    }
                ]
            },
            "9": {
                "line": 74,
                "type": "cond-expr",
                "locations": [
                    {
                        "start": {
                            "line": 80,
                            "column": 14
                        },
                        "end": {
                            "line": 80,
                            "column": 17
                        },
                        "skip": true
                    },
                    {
                        "start": {
                            "line": 81,
                            "column": 14
                        },
                        "end": {
                            "line": 87,
                            "column": 13
                        },
                        "skip": true
                    }
                ]
            },
            "10": {
                "line": 75,
                "type": "binary-expr",
                "locations": [
                    {
                        "start": {
                            "line": 75,
                            "column": 16
                        },
                        "end": {
                            "line": 75,
                            "column": 19
                        },
                        "skip": true
                    },
                    {
                        "start": {
                            "line": 76,
                            "column": 19
                        },
                        "end": {
                            "line": 76,
                            "column": 50
                        },
                        "skip": true
                    },
                    {
                        "start": {
                            "line": 77,
                            "column": 19
                        },
                        "end": {
                            "line": 77,
                            "column": 48
                        },
                        "skip": true
                    }
                ]
            },
            "11": {
                "line": 82,
                "type": "cond-expr",
                "locations": [
                    {
                        "start": {
                            "line": 84,
                            "column": 18
                        },
                        "end": {
                            "line": 84,
                            "column": 21
                        },
                        "skip": true
                    },
                    {
                        "start": {
                            "line": 86,
                            "column": 18
                        },
                        "end": {
                            "line": 86,
                            "column": 51
                        },
                        "skip": true
                    }
                ]
            },
            "12": {
                "line": 99,
                "type": "if",
                "locations": [
                    {
                        "start": {
                            "line": 99,
                            "column": 12
                        },
                        "end": {
                            "line": 99,
                            "column": 12
                        },
                        "skip": true
                    },
                    {
                        "start": {
                            "line": 99,
                            "column": 12
                        },
                        "end": {
                            "line": 99,
                            "column": 12
                        },
                        "skip": true
                    }
                ]
            },
            "13": {
                "line": 99,
                "type": "binary-expr",
                "locations": [
                    {
                        "start": {
                            "line": 99,
                            "column": 16
                        },
                        "end": {
                            "line": 99,
                            "column": 33
                        },
                        "skip": true
                    },
                    {
                        "start": {
                            "line": 99,
                            "column": 37
                        },
                        "end": {
                            "line": 99,
                            "column": 49
                        },
                        "skip": true
                    },
                    {
                        "start": {
                            "line": 99,
                            "column": 53
                        },
                        "end": {
                            "line": 99,
                            "column": 63
                        },
                        "skip": true
                    }
                ]
            },
            "14": {
                "line": 130,
                "type": "if",
                "locations": [
                    {
                        "start": {
                            "line": 130,
                            "column": 16
                        },
                        "end": {
                            "line": 130,
                            "column": 16
                        },
                        "skip": true
                    },
                    {
                        "start": {
                            "line": 130,
                            "column": 16
                        },
                        "end": {
                            "line": 130,
                            "column": 16
                        },
                        "skip": true
                    }
                ]
            },
            "15": {
                "line": 130,
                "type": "binary-expr",
                "locations": [
                    {
                        "start": {
                            "line": 130,
                            "column": 20
                        },
                        "end": {
                            "line": 130,
                            "column": 36
                        },
                        "skip": true
                    },
                    {
                        "start": {
                            "line": 130,
                            "column": 40
                        },
                        "end": {
                            "line": 130,
                            "column": 51
                        },
                        "skip": true
                    },
                    {
                        "start": {
                            "line": 130,
                            "column": 55
                        },
                        "end": {
                            "line": 130,
                            "column": 64
                        },
                        "skip": true
                    }
                ]
            },
            "16": {
                "line": 134,
                "type": "if",
                "locations": [
                    {
                        "start": {
                            "line": 134,
                            "column": 16
                        },
                        "end": {
                            "line": 134,
                            "column": 16
                        },
                        "skip": true
                    },
                    {
                        "start": {
                            "line": 134,
                            "column": 16
                        },
                        "end": {
                            "line": 134,
                            "column": 16
                        },
                        "skip": true
                    }
                ]
            },
            "17": {
                "line": 135,
                "type": "binary-expr",
                "locations": [
                    {
                        "start": {
                            "line": 135,
                            "column": 20
                        },
                        "end": {
                            "line": 135,
                            "column": 31
                        },
                        "skip": true
                    },
                    {
                        "start": {
                            "line": 136,
                            "column": 23
                        },
                        "end": {
                            "line": 136,
                            "column": 45
                        },
                        "skip": true
                    },
                    {
                        "start": {
                            "line": 136,
                            "column": 49
                        },
                        "end": {
                            "line": 136,
                            "column": 51
                        },
                        "skip": true
                    },
                    {
                        "start": {
                            "line": 136,
                            "column": 55
                        },
                        "end": {
                            "line": 136,
                            "column": 73
                        },
                        "skip": true
                    },
                    {
                        "start": {
                            "line": 137,
                            "column": 23
                        },
                        "end": {
                            "line": 137,
                            "column": 45
                        },
                        "skip": true
                    },
                    {
                        "start": {
                            "line": 137,
                            "column": 49
                        },
                        "end": {
                            "line": 137,
                            "column": 51
                        },
                        "skip": true
                    },
                    {
                        "start": {
                            "line": 137,
                            "column": 55
                        },
                        "end": {
                            "line": 137,
                            "column": 73
                        },
                        "skip": true
                    }
                ]
            },
            "18": {
                "line": 150,
                "type": "if",
                "locations": [
                    {
                        "start": {
                            "line": 150,
                            "column": 8
                        },
                        "end": {
                            "line": 150,
                            "column": 8
                        },
                        "skip": true
                    },
                    {
                        "start": {
                            "line": 150,
                            "column": 8
                        },
                        "end": {
                            "line": 150,
                            "column": 8
                        },
                        "skip": true
                    }
                ]
            },
            "19": {
                "line": 155,
                "type": "if",
                "locations": [
                    {
                        "start": {
                            "line": 155,
                            "column": 4
                        },
                        "end": {
                            "line": 155,
                            "column": 4
                        },
                        "skip": true
                    },
                    {
                        "start": {
                            "line": 155,
                            "column": 4
                        },
                        "end": {
                            "line": 155,
                            "column": 4
                        },
                        "skip": true
                    }
                ]
            },
            "20": {
                "line": 156,
                "type": "binary-expr",
                "locations": [
                    {
                        "start": {
                            "line": 156,
                            "column": 8
                        },
                        "end": {
                            "line": 156,
                            "column": 35
                        },
                        "skip": true
                    },
                    {
                        "start": {
                            "line": 156,
                            "column": 39
                        },
                        "end": {
                            "line": 156,
                            "column": 46
                        },
                        "skip": true
                    },
                    {
                        "start": {
                            "line": 157,
                            "column": 11
                        },
                        "end": {
                            "line": 157,
                            "column": 43
                        },
                        "skip": true
                    },
                    {
                        "start": {
                            "line": 158,
                            "column": 11
                        },
                        "end": {
                            "line": 158,
                            "column": 51
                        },
                        "skip": true
                    }
                ]
            },
            "21": {
                "line": 191,
                "type": "binary-expr",
                "locations": [
                    {
                        "start": {
                            "line": 191,
                            "column": 8
                        },
                        "end": {
                            "line": 191,
                            "column": 27
                        },
                        "skip": true
                    },
                    {
                        "start": {
                            "line": 191,
                            "column": 31
                        },
                        "end": {
                            "line": 191,
                            "column": 50
                        },
                        "skip": true
                    }
                ]
            }
        },
        "code": [
            "/* istanbul instrument in package sqlite3 */",
            "// assets.utility2.header.js - start",
            "/* jslint utility2:true */",
            "/* istanbul ignore next */",
            "// run shared js-env code - init-local",
            "(function () {",
            "    \"use strict\";",
            "    let isBrowser;",
            "    let isWebWorker;",
            "    let local;",
            "    // init debugInline",
            "    if (!globalThis.debugInline) {",
            "        let consoleError;",
            "        consoleError = console.error;",
            "        globalThis.debugInline = function (...argList) {",
            "        /*",
            "         * this function will both print <argList> to stderr",
            "         * and return <argList>[0]",
            "         */",
            "            consoleError(\"\\n\\ndebugInline\");",
            "            consoleError(...argList);",
            "            consoleError(\"\\n\");",
            "            return argList[0];",
            "        };",
            "    }",
            "    // init isBrowser",
            "    isBrowser = (",
            "        typeof globalThis.XMLHttpRequest === \"function\"",
            "        && globalThis.navigator",
            "        && typeof globalThis.navigator.userAgent === \"string\"",
            "    );",
            "    // init isWebWorker",
            "    isWebWorker = (",
            "        isBrowser && typeof globalThis.importScripts === \"function\"",
            "    );",
            "    // init function",
            "    function assertJsonEqual(aa, bb) {",
            "    /*",
            "     * this function will assert JSON.stringify(<aa>) === JSON.stringify(<bb>)",
            "     */",
            "        function objectDeepCopyWithKeysSorted(obj) {",
            "        /*",
            "         * this function will recursively deep-copy <obj> with keys sorted",
            "         */",
            "            let sorted;",
            "            if (typeof obj !== \"object\" || !obj) {",
            "                return obj;",
            "            }",
            "            // recursively deep-copy list with child-keys sorted",
            "            if (Array.isArray(obj)) {",
            "                return obj.map(objectDeepCopyWithKeysSorted);",
            "            }",
            "            // recursively deep-copy obj with keys sorted",
            "            sorted = {};",
            "            Object.keys(obj).sort().forEach(function (key) {",
            "                sorted[key] = objectDeepCopyWithKeysSorted(obj[key]);",
            "            });",
            "            return sorted;",
            "        }",
            "        aa = JSON.stringify(objectDeepCopyWithKeysSorted(aa));",
            "        bb = JSON.stringify(objectDeepCopyWithKeysSorted(bb));",
            "        if (aa !== bb) {",
            "            throw new Error(JSON.stringify(aa) + \" !== \" + JSON.stringify(bb));",
            "        }",
            "    }",
            "    function assertOrThrow(passed, msg) {",
            "    /*",
            "     * this function will throw <msg> if <passed> is falsy",
            "     */",
            "        if (passed) {",
            "            return;",
            "        }",
            "        throw (",
            "            (",
            "                msg",
            "                && typeof msg.message === \"string\"",
            "                && typeof msg.stack === \"string\"",
            "            )",
            "            // if msg is err, then leave as is",
            "            ? msg",
            "            : new Error(",
            "                typeof msg === \"string\"",
            "                // if msg is string, then leave as is",
            "                ? msg",
            "                // else JSON.stringify(msg)",
            "                : JSON.stringify(msg, undefined, 4)",
            "            )",
            "        );",
            "    }",
            "    function coalesce(...argList) {",
            "    /*",
            "     * this function will coalesce null, undefined, or \"\" in <argList>",
            "     */",
            "        let arg;",
            "        let ii;",
            "        ii = 0;",
            "        while (ii < argList.length) {",
            "            arg = argList[ii];",
            "            if (arg !== undefined && arg !== null && arg !== \"\") {",
            "                return arg;",
            "            }",
            "            ii += 1;",
            "        }",
            "        return arg;",
            "    }",
            "    function identity(val) {",
            "    /*",
            "     * this function will return <val>",
            "     */",
            "        return val;",
            "    }",
            "    function nop() {",
            "    /*",
            "     * this function will do nothing",
            "     */",
            "        return;",
            "    }",
            "    function objectAssignDefault(tgt = {}, src = {}, depth = 0) {",
            "    /*",
            "     * this function will if items from <tgt> are null, undefined, or \"\",",
            "     * then overwrite them with items from <src>",
            "     */",
            "        let recurse;",
            "        recurse = function (tgt, src, depth) {",
            "            Object.entries(src).forEach(function ([",
            "                key, bb",
            "            ]) {",
            "                let aa;",
            "                aa = tgt[key];",
            "                if (aa === undefined || aa === null || aa === \"\") {",
            "                    tgt[key] = bb;",
            "                    return;",
            "                }",
            "                if (",
            "                    depth !== 0",
            "                    && typeof aa === \"object\" && aa && !Array.isArray(aa)",
            "                    && typeof bb === \"object\" && bb && !Array.isArray(bb)",
            "                ) {",
            "                    recurse(aa, bb, depth - 1);",
            "                }",
            "            });",
            "        };",
            "        recurse(tgt, src, depth | 0);",
            "        return tgt;",
            "    }",
            "    function onErrorThrow(err) {",
            "    /*",
            "     * this function will throw <err> if exists",
            "     */",
            "        if (err) {",
            "            throw err;",
            "        }",
            "    }",
            "    // bug-workaround - throw unhandledRejections in node-process",
            "    if (",
            "        typeof process === \"object\" && process",
            "        && typeof process.on === \"function\"",
            "        && process.unhandledRejections !== \"strict\"",
            "    ) {",
            "        process.unhandledRejections = \"strict\";",
            "        process.on(\"unhandledRejection\", function (err) {",
            "            throw err;",
            "        });",
            "    }",
            "    // init local",
            "    local = {};",
            "    local.local = local;",
            "    globalThis.globalLocal = local;",
            "    local.assertJsonEqual = assertJsonEqual;",
            "    local.assertOrThrow = assertOrThrow;",
            "    local.coalesce = coalesce;",
            "    local.identity = identity;",
            "    local.isBrowser = isBrowser;",
            "    local.isWebWorker = isWebWorker;",
            "    local.nop = nop;",
            "    local.objectAssignDefault = objectAssignDefault;",
            "    local.onErrorThrow = onErrorThrow;",
            "}());",
            "// assets.utility2.header.js - end",
            "",
            "",
            "/* jslint utility2:true */",
            "(function (local) {",
            "\"use strict\";",
            "",
            "",
            "/* istanbul ignore next */",
            "// run shared js-env code - init-before",
            "(function () {",
            "// init local",
            "local = globalThis.utility2 || require(\"utility2\");",
            "local = local.requireReadme();",
            "globalThis.local = local;",
            "// init test",
            "local.testRunDefault(local);",
            "}());",
            "",
            "",
            "// run shared js-env code - function",
            "(function () {",
            "local.testCase_buildApp_default = function (opt, onError) {",
            "/*",
            " * this function will test buildApp's default handling-behavior",
            " */",
            "    local._testCase_buildApp_default({",
            "        assetsList: [",
            "            {",
            "                file: \"/\" + local.sqlite3_binding_file,",
            "                url: \"/\" + local.sqlite3_binding_file",
            "            }",
            "        ]",
            "    }, onError, opt);",
            "};",
            "}());",
            "}());",
            ""
        ],
        "l": {
            "6": 2,
            "8": 2,
            "9": 2,
            "10": 2,
            "12": 2,
            "13": 1,
            "14": 1,
            "15": 1,
            "20": 1,
            "21": 1,
            "22": 1,
            "23": 1,
            "27": 2,
            "33": 2,
            "37": 2,
            "41": 2,
            "45": 1,
            "46": 1,
            "47": 1,
            "50": 1,
            "51": 1,
            "54": 1,
            "55": 1,
            "56": 1,
            "58": 1,
            "60": 1,
            "61": 1,
            "62": 1,
            "63": 1,
            "66": 2,
            "70": 1,
            "71": 1,
            "73": 1,
            "90": 2,
            "94": 1,
            "95": 1,
            "96": 1,
            "97": 1,
            "98": 1,
            "99": 1,
            "100": 1,
            "102": 1,
            "104": 1,
            "106": 2,
            "110": 1,
            "112": 2,
            "116": 1,
            "118": 2,
            "123": 1,
            "124": 1,
            "125": 1,
            "128": 1,
            "129": 1,
            "130": 1,
            "131": 1,
            "132": 1,
            "134": 1,
            "139": 1,
            "143": 1,
            "144": 1,
            "146": 2,
            "150": 1,
            "151": 1,
            "155": 2,
            "160": 1,
            "161": 1,
            "162": 1,
            "166": 2,
            "167": 2,
            "168": 2,
            "169": 2,
            "170": 2,
            "171": 2,
            "172": 2,
            "173": 2,
            "174": 2,
            "175": 2,
            "176": 2,
            "177": 2,
            "183": 2,
            "189": 2,
            "191": 2,
            "192": 2,
            "193": 2,
            "195": 2,
            "200": 2,
            "201": 2,
            "205": 2
        }
    },
    "/home/travis/build/kaizhu256/node-sqlite3-lite/lib.sqlite3.js": {
        "path": "/home/travis/build/kaizhu256/node-sqlite3-lite/lib.sqlite3.js",
        "s": {
            "1": 2,
            "2": 2,
            "3": 2,
            "4": 2,
            "5": 2,
            "6": 0,
            "7": 0,
            "8": 0,
            "9": 0,
            "10": 0,
            "11": 0,
            "12": 0,
            "13": 2,
            "14": 2,
            "15": 2,
            "16": 2,
            "17": 0,
            "18": 0,
            "19": 0,
            "20": 0,
            "21": 0,
            "22": 0,
            "23": 0,
            "24": 0,
            "25": 0,
            "26": 0,
            "27": 0,
            "28": 0,
            "29": 0,
            "30": 2,
            "31": 0,
            "32": 0,
            "33": 0,
            "34": 2,
            "35": 0,
            "36": 0,
            "37": 0,
            "38": 0,
            "39": 0,
            "40": 0,
            "41": 0,
            "42": 0,
            "43": 0,
            "44": 2,
            "45": 0,
            "46": 2,
            "47": 0,
            "48": 2,
            "49": 0,
            "50": 0,
            "51": 0,
            "52": 0,
            "53": 0,
            "54": 0,
            "55": 0,
            "56": 0,
            "57": 0,
            "58": 0,
            "59": 0,
            "60": 0,
            "61": 2,
            "62": 0,
            "63": 0,
            "64": 2,
            "65": 0,
            "66": 0,
            "67": 0,
            "68": 2,
            "69": 2,
            "70": 2,
            "71": 2,
            "72": 2,
            "73": 2,
            "74": 2,
            "75": 2,
            "76": 2,
            "77": 2,
            "78": 2,
            "79": 2,
            "80": 2,
            "81": 2,
            "82": 2,
            "83": 2,
            "84": 1,
            "85": 1,
            "86": 1,
            "87": 2,
            "88": 2,
            "89": 1,
            "90": 1,
            "91": 0,
            "92": 0,
            "93": 0,
            "94": 0,
            "95": 0,
            "96": 0,
            "97": 0,
            "98": 0,
            "99": 0,
            "100": 0,
            "101": 0,
            "102": 0,
            "103": 1,
            "104": 1,
            "105": 1,
            "106": 1,
            "107": 1,
            "108": 1,
            "109": 1,
            "110": 1,
            "111": 0,
            "112": 1,
            "113": 1,
            "114": 2,
            "115": 0,
            "116": 0,
            "117": 0,
            "118": 0,
            "119": 0,
            "120": 0,
            "121": 0,
            "122": 0,
            "123": 0,
            "124": 0,
            "125": 0,
            "126": 0,
            "127": 0,
            "128": 0,
            "129": 0,
            "130": 0,
            "131": 0,
            "132": 0,
            "133": 0,
            "134": 0,
            "135": 0,
            "136": 0,
            "137": 1,
            "138": 2,
            "139": 0,
            "140": 0,
            "141": 1,
            "142": 2,
            "143": 6,
            "144": 3,
            "145": 3,
            "146": 3,
            "147": 1,
            "148": 1,
            "149": 1,
            "150": 0,
            "151": 3,
            "152": 3,
            "153": 2,
            "154": 3,
            "155": 54,
            "156": 1,
            "157": 0,
            "158": 0,
            "159": 0,
            "160": 0,
            "161": 2,
            "162": 0,
            "163": 0,
            "164": 0,
            "165": 0,
            "166": 0,
            "167": 0,
            "168": 0,
            "169": 0,
            "170": 0,
            "171": 0,
            "172": 1,
            "173": 1,
            "174": 1,
            "175": 1,
            "176": 1,
            "177": 1,
            "178": 1,
            "179": 1,
            "180": 1,
            "181": 1,
            "182": 1,
            "183": 1,
            "184": 0,
            "185": 0,
            "186": 1,
            "187": 0,
            "188": 0,
            "189": 1,
            "190": 1,
            "191": 1,
            "192": 1,
            "193": 0,
            "194": 0,
            "195": 1,
            "196": 0,
            "197": 0,
            "198": 0,
            "199": 0,
            "200": 0,
            "201": 0,
            "202": 1,
            "203": 0,
            "204": 0,
            "205": 0,
            "206": 0,
            "207": 0,
            "208": 0,
            "209": 0,
            "210": 0,
            "211": 0,
            "212": 0,
            "213": 0,
            "214": 0,
            "215": 0,
            "216": 0,
            "217": 0,
            "218": 0,
            "219": 1,
            "220": 1,
            "221": 1,
            "222": 0,
            "223": 0,
            "224": 0,
            "225": 0,
            "226": 1,
            "227": 0,
            "228": 0,
            "229": 0,
            "230": 0,
            "231": 1,
            "232": 0,
            "233": 0,
            "234": 0,
            "235": 0,
            "236": 1,
            "237": 0,
            "238": 0,
            "239": 0,
            "240": 0,
            "241": 0,
            "242": 0,
            "243": 0,
            "244": 0,
            "245": 1,
            "246": 1
        },
        "b": {
            "1": [
                0,
                2
            ],
            "2": [
                2,
                1,
                1
            ],
            "3": [
                2,
                1
            ],
            "4": [
                0,
                0
            ],
            "5": [
                0,
                0
            ],
            "6": [
                0,
                0
            ],
            "7": [
                0,
                0
            ],
            "8": [
                0,
                0
            ],
            "9": [
                0,
                0
            ],
            "10": [
                0,
                0,
                0
            ],
            "11": [
                0,
                0
            ],
            "12": [
                0,
                0
            ],
            "13": [
                0,
                0,
                0
            ],
            "14": [
                0,
                0
            ],
            "15": [
                0,
                0,
                0
            ],
            "16": [
                0,
                0
            ],
            "17": [
                0,
                0,
                0,
                0,
                0,
                0,
                0
            ],
            "18": [
                0,
                0
            ],
            "19": [
                0,
                2
            ],
            "20": [
                2,
                1,
                1,
                1
            ],
            "21": [
                2,
                2
            ],
            "22": [
                1,
                1
            ],
            "23": [
                1,
                1
            ],
            "24": [
                0,
                1
            ],
            "25": [
                1,
                0,
                0
            ],
            "26": [
                0,
                0
            ],
            "27": [
                0,
                1
            ],
            "28": [
                0,
                0
            ],
            "29": [
                0,
                0
            ],
            "30": [
                0,
                0
            ],
            "31": [
                0,
                0
            ],
            "32": [
                0,
                0
            ],
            "33": [
                0,
                0,
                0
            ],
            "34": [
                1,
                2
            ],
            "35": [
                0,
                1
            ],
            "36": [
                0,
                0
            ],
            "37": [
                0,
                0
            ],
            "38": [
                0,
                0
            ],
            "39": [
                0,
                0
            ],
            "40": [
                0,
                0
            ],
            "41": [
                0,
                0
            ],
            "42": [
                0,
                1
            ],
            "43": [
                0,
                0
            ],
            "44": [
                0,
                0
            ],
            "45": [
                0,
                0
            ],
            "46": [
                0,
                0
            ],
            "47": [
                0,
                0
            ],
            "48": [
                0,
                0
            ],
            "49": [
                0,
                0
            ],
            "50": [
                0,
                0
            ],
            "51": [
                0,
                0
            ]
[...]
            "            'all',",
            "            'each',",
            "            'map',",
            "            'close',",
            "            'exec'",
            "        ].forEach(function (name) {",
            "            trace.extendTrace(Database.prototype, name);",
            "        });",
            "        [",
            "            'bind',",
            "            'get',",
            "            'run',",
            "            'all',",
            "            'each',",
            "            'map',",
            "            'reset',",
            "            'finalize',",
            "        ].forEach(function (name) {",
            "            trace.extendTrace(Statement.prototype, name);",
            "        });",
            "        isVerbose = true;",
            "    }",
            "",
            "    return this;",
            "};",
            "// hack-sqlite3 - init exports",
            "let trace           = exports_mapbox_node_sqlite3_lib_trace;",
            "Object.assign(local, sqlite3, { sqlite3_binding_file });",
            "}());",
            "",
            "",
            "/*",
            "file none",
            "*/",
            "/* jslint ignore:end */",
            "}());",
            "}());",
            ""
        ],
        "l": {
            "15": 2,
            "17": 2,
            "18": 2,
            "19": 2,
            "21": 2,
            "22": 1,
            "23": 1,
            "24": 1,
            "29": 1,
            "30": 1,
            "31": 1,
            "32": 1,
            "36": 2,
            "42": 2,
            "46": 2,
            "50": 2,
            "54": 1,
            "55": 1,
            "56": 1,
            "59": 1,
            "60": 1,
            "63": 1,
            "64": 1,
            "65": 1,
            "67": 1,
            "69": 1,
            "70": 1,
            "71": 1,
            "72": 1,
            "75": 2,
            "79": 1,
            "80": 1,
            "82": 1,
            "99": 2,
            "103": 1,
            "104": 1,
            "105": 1,
            "106": 1,
            "107": 1,
            "108": 1,
            "109": 1,
            "111": 1,
            "113": 1,
            "115": 2,
            "119": 1,
            "121": 2,
            "125": 1,
            "127": 2,
            "132": 1,
            "133": 1,
            "134": 1,
            "137": 1,
            "138": 1,
            "139": 1,
            "140": 1,
            "141": 1,
            "143": 1,
            "148": 1,
            "152": 1,
            "153": 1,
            "155": 2,
            "159": 1,
            "160": 1,
            "164": 2,
            "169": 1,
            "170": 1,
            "171": 1,
            "175": 2,
            "176": 2,
            "177": 2,
            "178": 2,
            "179": 2,
            "180": 2,
            "181": 2,
            "182": 2,
            "183": 2,
            "184": 2,
            "185": 2,
            "186": 2,
            "191": 2,
            "197": 2,
            "199": 2,
            "206": 2,
            "207": 1,
            "209": 1,
            "210": 1,
            "213": 2,
            "221": 2,
            "222": 1,
            "224": 1,
            "229": 1,
            "230": 1,
            "231": 1,
            "234": 1,
            "237": 1,
            "238": 1,
            "239": 1,
            "240": 1,
            "242": 1,
            "243": 1,
            "248": 1,
            "263": 1,
            "266": 1,
            "268": 1,
            "269": 1,
            "270": 1,
            "271": 1,
            "272": 1,
            "274": 1,
            "279": 1,
            "280": 1,
            "282": 1,
            "285": 1,
            "298": 2,
            "299": 1,
            "300": 1,
            "302": 1,
            "303": 1,
            "304": 1,
            "305": 1,
            "307": 1,
            "310": 1,
            "311": 1,
            "312": 1,
            "313": 1,
            "314": 1,
            "315": 1,
            "316": 1,
            "317": 1,
            "318": 1,
            "319": 1,
            "320": 1,
            "322": 1,
            "325": 1,
            "328": 1,
            "331": 2,
            "332": 1,
            "333": 1,
            "345": 1,
            "347": 2,
            "348": 6,
            "349": 3,
            "350": 3,
            "351": 3,
            "352": 1,
            "353": 1,
            "354": 1,
            "355": 1,
            "359": 3,
            "360": 3,
            "364": 2,
            "365": 3,
            "366": 54,
            "369": 1,
            "371": 1,
            "373": 1,
            "376": 1,
            "377": 1,
            "378": 2,
            "380": 1,
            "381": 1,
            "385": 1,
            "386": 1,
            "387": 1,
            "388": 1,
            "389": 1,
            "393": 1,
            "399": 1,
            "400": 1,
            "401": 1,
            "403": 1,
            "404": 1,
            "405": 1,
            "408": 1,
            "409": 1,
            "415": 1,
            "416": 1,
            "417": 1,
            "421": 1,
            "422": 1,
            "423": 1,
            "427": 1,
            "428": 1,
            "429": 1,
            "433": 1,
            "434": 1,
            "435": 1,
            "438": 1,
            "439": 1,
            "440": 1,
            "445": 1,
            "446": 1,
            "447": 1,
            "450": 1,
            "453": 1,
            "456": 1,
            "457": 1,
            "460": 1,
            "461": 1,
            "462": 1,
            "463": 1,
            "464": 1,
            "465": 1,
            "466": 1,
            "467": 1,
            "468": 1,
            "470": 1,
            "471": 1,
            "474": 1,
            "476": 1,
            "477": 1,
            "481": 1,
            "483": 1,
            "486": 1,
            "488": 1,
            "490": 1,
            "491": 1,
            "492": 1,
            "493": 1,
            "495": 1,
            "498": 1,
            "499": 1,
            "500": 1,
            "501": 1,
            "503": 1,
            "506": 1,
            "507": 1,
            "508": 1,
            "509": 1,
            "511": 1,
            "515": 1,
            "516": 1,
            "518": 1,
            "519": 1,
            "529": 1,
            "531": 1,
            "541": 1,
            "543": 1,
            "546": 1,
            "549": 1,
            "550": 1
        }
    },
    "/home/travis/build/kaizhu256/node-sqlite3-lite/example.js": {
        "path": "/home/travis/build/kaizhu256/node-sqlite3-lite/example.js",
        "s": {
            "1": 2,
            "2": 2,
            "3": 2,
            "4": 2,
            "5": 2,
            "6": 1,
            "7": 1,
            "8": 1,
            "9": 1,
            "10": 1,
            "11": 1,
            "12": 1,
            "13": 10,
            "14": 10,
            "15": 1,
            "16": 1,
            "17": 10,
            "18": 0,
            "19": 10,
            "20": 1
        },
        "b": {
            "1": [
                2,
                2,
                1
            ],
            "2": [
                0,
                10
            ]
        },
        "f": {
            "1": 2,
            "2": 1,
            "3": 10
        },
        "fnMap": {
            "1": {
                "name": "(anonymous_1)",
                "line": 77,
                "loc": {
                    "start": {
                        "line": 77,
                        "column": 1
                    },
                    "end": {
                        "line": 77,
                        "column": 13
                    }
                },
                "skip": true
            },
            "2": {
                "name": "(anonymous_2)",
                "line": 87,
                "loc": {
                    "start": {
                        "line": 87,
                        "column": 17
                    },
                    "end": {
                        "line": 87,
                        "column": 29
                    }
                },
                "skip": true
            },
            "3": {
                "name": "(anonymous_3)",
                "line": 98,
                "loc": {
                    "start": {
                        "line": 98,
                        "column": 55
                    },
                    "end": {
                        "line": 98,
                        "column": 75
                    }
                },
                "skip": true
            }
        },
        "statementMap": {
            "1": {
                "start": {
                    "line": 77,
                    "column": 0
                },
                "end": {
                    "line": 106,
                    "column": 5
                },
                "skip": true
            },
            "2": {
                "start": {
                    "line": 79,
                    "column": 4
                },
                "end": {
                    "line": 79,
                    "column": 11
                },
                "skip": true
            },
            "3": {
                "start": {
                    "line": 80,
                    "column": 4
                },
                "end": {
                    "line": 80,
                    "column": 16
                },
                "skip": true
            },
            "4": {
                "start": {
                    "line": 81,
                    "column": 4
                },
                "end": {
                    "line": 85,
                    "column": 6
                },
                "skip": true
            },
            "5": {
                "start": {
                    "line": 86,
                    "column": 4
                },
                "end": {
                    "line": 86,
                    "column": 42
                },
                "skip": true
            },
            "6": {
                "start": {
                    "line": 87,
                    "column": 4
                },
                "end": {
                    "line": 104,
                    "column": 7
                },
                "skip": true
            },
            "7": {
                "start": {
                    "line": 88,
                    "column": 8
                },
                "end": {
                    "line": 88,
                    "column": 15
                },
                "skip": true
            },
            "8": {
                "start": {
                    "line": 89,
                    "column": 8
                },
                "end": {
                    "line": 89,
                    "column": 17
                },
                "skip": true
            },
            "9": {
                "start": {
                    "line": 90,
                    "column": 8
                },
                "end": {
                    "line": 90,
                    "column": 49
                },
                "skip": true
            },
            "10": {
                "start": {
                    "line": 91,
                    "column": 8
                },
                "end": {
                    "line": 91,
                    "column": 58
                },
                "skip": true
            },
            "11": {
                "start": {
                    "line": 92,
                    "column": 8
                },
                "end": {
                    "line": 92,
                    "column": 15
                },
                "skip": true
            },
            "12": {
                "start": {
                    "line": 93,
                    "column": 8
                },
                "end": {
                    "line": 96,
                    "column": 9
                },
                "skip": true
            },
            "13": {
                "start": {
                    "line": 94,
                    "column": 12
                },
                "end": {
                    "line": 94,
                    "column": 36
                },
                "skip": true
            },
            "14": {
                "start": {
                    "line": 95,
                    "column": 12
                },
                "end": {
                    "line": 95,
                    "column": 20
                },
                "skip": true
            },
            "15": {
                "start": {
                    "line": 97,
                    "column": 8
                },
                "end": {
                    "line": 97,
                    "column": 24
                },
                "skip": true
            },
            "16": {
                "start": {
                    "line": 98,
                    "column": 8
                },
                "end": {
                    "line": 103,
                    "column": 11
                },
                "skip": true
            },
            "17": {
                "start": {
                    "line": 99,
                    "column": 12
                },
                "end": {
                    "line": 101,
                    "column": 13
                },
                "skip": true
            },
            "18": {
                "start": {
                    "line": 100,
                    "column": 16
                },
                "end": {
                    "line": 100,
                    "column": 26
                },
                "skip": true
            },
            "19": {
                "start": {
                    "line": 102,
                    "column": 12
                },
                "end": {
                    "line": 102,
                    "column": 50
                },
                "skip": true
            },
            "20": {
                "start": {
                    "line": 105,
                    "column": 4
                },
                "end": {
                    "line": 105,
                    "column": 15
                },
                "skip": true
            }
        },
        "branchMap": {
            "1": {
                "line": 82,
                "type": "binary-expr",
                "locations": [
                    {
                        "start": {
                            "line": 82,
                            "column": 8
                        },
                        "end": {
                            "line": 82,
                            "column": 34
                        },
                        "skip": true
                    },
                    {
                        "start": {
                            "line": 83,
                            "column": 11
                        },
                        "end": {
                            "line": 83,
                            "column": 37
                        },
                        "skip": true
                    },
                    {
                        "start": {
                            "line": 84,
                            "column": 11
                        },
                        "end": {
                            "line": 84,
                            "column": 44
                        },
                        "skip": true
                    }
                ]
            },
            "2": {
                "line": 99,
                "type": "if",
                "locations": [
                    {
                        "start": {
                            "line": 99,
                            "column": 12
                        },
                        "end": {
                            "line": 99,
                            "column": 12
                        },
                        "skip": true
                    },
                    {
                        "start": {
                            "line": 99,
                            "column": 12
                        },
                        "end": {
                            "line": 99,
                            "column": 12
                        },
                        "skip": true
                    }
                ]
            }
        },
        "code": [
            "",
            "",
            "",
            "",
            "",
            "",
            "",
            "",
            "",
            "",
            "",
            "",
            "",
            "",
            "",
            "",
            "",
            "",
            "",
            "",
            "",
            "",
            "",
            "",
            "",
            "",
            "",
            "",
            "",
            "",
            "",
            "",
            "",
            "",
            "",
            "",
            "",
            "",
            "",
            "",
            "",
            "",
            "",
            "",
            "",
            "",
            "",
            "",
            "",
            "",
            "",
            "",
            "",
            "",
            "",
            "",
            "",
            "",
            "/*",
            "example.js",
            "",
            "this script will run node-demo of sqlite3-lite",
            "",
            "instruction",
            "    1. save this script as example.js",
            "    2. run shell-command:",
            "        $ npm install sqlite3-lite && \\",
            "            PORT=8081 node example.js",
            "    3. edit this script to suit your needs",
            "*/",
            "",
            "",
            "/* istanbul instrument in package sqlite3 */",
            "/* jslint utility2:true */",
            "/* istanbul ignore next */",
            "// run shared js-env code - init-local",
            "(function () {",
            "    \"use strict\";",
            "    let db;",
            "    let sqlite3;",
            "    sqlite3 = (",
            "        globalThis.utility2_rollup",
            "        || globalThis.utility2_jslint",
            "        || globalThis.utility2_moduleExports",
            "    );",
            "    db = new sqlite3.Database(\":memory:\");",
            "    db.serialize(function () {",
            "        let ii;",
            "        let stmt;",
            "        db.run(\"CREATE TABLE lorem (info TEXT)\");",
            "        stmt = db.prepare(\"INSERT INTO lorem VALUES (?)\");",
            "        ii = 0;",
            "        while (ii < 10) {",
            "            stmt.run(\"Ipsum \" + ii);",
            "            ii += 1;",
            "        }",
            "        stmt.finalize();",
            "        db.each(\"SELECT rowid AS id, info FROM lorem\", function (err, row) {",
            "            if (err) {",
            "                throw err;",
            "            }",
            "            console.log(row.id + \": \" + row.info);",
            "        });",
            "    });",
            "    db.close();",
            "}());",
            ""
        ],
        "l": {
            "77": 2,
            "79": 2,
            "80": 2,
            "81": 2,
            "86": 2,
            "87": 1,
            "88": 1,
            "89": 1,
            "90": 1,
            "91": 1,
            "92": 1,
            "93": 1,
            "94": 10,
            "95": 10,
            "97": 1,
            "98": 1,
            "99": 10,
            "100": 1,
            "102": 10,
            "105": 1
        }
    }
}