{
    "/home/travis/build/kaizhu256/node-sqlite3-lite/test.js": {
        "path": "/home/travis/build/kaizhu256/node-sqlite3-lite/test.js",
        "s": {
            "1": 2,
            "2": 2,
            "3": 2,
            "4": 2,
            "5": 2,
            "6": 0,
            "7": 0,
            "8": 0,
            "9": 0,
            "10": 0,
            "11": 0,
            "12": 0,
            "13": 2,
            "14": 2,
            "15": 2,
            "16": 2,
            "17": 0,
            "18": 0,
            "19": 0,
            "20": 0,
            "21": 0,
            "22": 0,
            "23": 0,
            "24": 0,
            "25": 0,
            "26": 0,
            "27": 0,
            "28": 0,
            "29": 0,
            "30": 2,
            "31": 0,
            "32": 0,
            "33": 0,
            "34": 2,
            "35": 0,
            "36": 0,
            "37": 0,
            "38": 0,
            "39": 0,
            "40": 0,
            "41": 0,
            "42": 0,
            "43": 0,
            "44": 2,
            "45": 0,
            "46": 2,
            "47": 0,
            "48": 2,
            "49": 0,
            "50": 0,
            "51": 0,
            "52": 0,
            "53": 0,
            "54": 0,
            "55": 0,
            "56": 0,
            "57": 0,
            "58": 0,
            "59": 0,
            "60": 0,
            "61": 2,
            "62": 0,
            "63": 0,
            "64": 2,
            "65": 0,
            "66": 0,
            "67": 0,
            "68": 2,
            "69": 2,
            "70": 2,
            "71": 2,
            "72": 2,
            "73": 2,
            "74": 2,
            "75": 2,
            "76": 2,
            "77": 2,
            "78": 2,
            "79": 2,
            "80": 2,
            "81": 2,
            "82": 2,
            "83": 2,
            "84": 2,
            "85": 2,
            "86": 2,
            "87": 2,
            "88": 2
        },
        "b": {
            "1": [
                0,
                2
            ],
            "2": [
                2,
                1,
                1
            ],
            "3": [
                2,
                1
            ],
            "4": [
                0,
                0
            ],
            "5": [
                0,
                0
            ],
            "6": [
                0,
                0
            ],
            "7": [
                0,
                0
            ],
            "8": [
                0,
                0
            ],
            "9": [
                0,
                0
            ],
            "10": [
                0,
                0,
                0
            ],
            "11": [
                0,
                0
            ],
            "12": [
                0,
                0
            ],
            "13": [
                0,
                0,
                0
            ],
            "14": [
                0,
                0
            ],
            "15": [
                0,
                0,
                0
            ],
            "16": [
                0,
                0
            ],
            "17": [
                0,
                0,
                0,
                0,
                0,
                0,
                0
            ],
            "18": [
                0,
                0
            ],
            "19": [
                0,
                2
            ],
            "20": [
                2,
                1,
                1,
                1
            ],
            "21": [
                2,
                1
            ]
        },
        "f": {
            "1": 2,
            "2": 0,
            "3": 0,
            "4": 0,
            "5": 0,
            "6": 0,
            "7": 0,
            "8": 0,
            "9": 0,
            "10": 0,
            "11": 0,
            "12": 0,
            "13": 0,
            "14": 0,
            "15": 2,
            "16": 2,
            "17": 2,
            "18": 2
        },
        "fnMap": {
            "1": {
                "name": "(anonymous_1)",
                "line": 6,
                "loc": {
                    "start": {
                        "line": 6,
                        "column": 1
                    },
                    "end": {
                        "line": 6,
                        "column": 13
                    }
                },
                "skip": true
            },
            "2": {
                "name": "(anonymous_2)",
                "line": 15,
                "loc": {
                    "start": {
                        "line": 15,
                        "column": 33
                    },
                    "end": {
                        "line": 15,
                        "column": 55
                    }
                },
                "skip": true
            },
            "3": {
                "name": "assertJsonEqual",
                "line": 37,
                "loc": {
                    "start": {
                        "line": 37,
                        "column": 4
                    },
                    "end": {
                        "line": 37,
                        "column": 37
                    }
                },
                "skip": true
            },
            "4": {
                "name": "objectDeepCopyWithKeysSorted",
                "line": 41,
                "loc": {
                    "start": {
                        "line": 41,
                        "column": 8
                    },
                    "end": {
                        "line": 41,
                        "column": 51
                    }
                },
                "skip": true
            },
            "5": {
                "name": "(anonymous_5)",
                "line": 55,
                "loc": {
                    "start": {
                        "line": 55,
                        "column": 44
                    },
                    "end": {
                        "line": 55,
                        "column": 59
                    }
                },
                "skip": true
            },
            "6": {
                "name": "assertOrThrow",
                "line": 66,
                "loc": {
                    "start": {
                        "line": 66,
                        "column": 4
                    },
                    "end": {
                        "line": 66,
                        "column": 40
                    }
                },
                "skip": true
            },
            "7": {
                "name": "coalesce",
                "line": 90,
                "loc": {
                    "start": {
                        "line": 90,
                        "column": 4
                    },
                    "end": {
                        "line": 90,
                        "column": 34
                    }
                },
                "skip": true
            },
            "8": {
                "name": "identity",
                "line": 106,
                "loc": {
                    "start": {
                        "line": 106,
                        "column": 4
                    },
                    "end": {
                        "line": 106,
                        "column": 27
                    }
                },
                "skip": true
            },
            "9": {
                "name": "nop",
                "line": 112,
                "loc": {
                    "start": {
                        "line": 112,
                        "column": 4
                    },
                    "end": {
                        "line": 112,
                        "column": 19
                    }
                },
                "skip": true
            },
            "10": {
                "name": "objectAssignDefault",
                "line": 118,
                "loc": {
                    "start": {
                        "line": 118,
                        "column": 4
                    },
                    "end": {
                        "line": 118,
                        "column": 64
                    }
                },
                "skip": true
            },
            "11": {
                "name": "(anonymous_11)",
                "line": 124,
                "loc": {
                    "start": {
                        "line": 124,
                        "column": 18
                    },
                    "end": {
                        "line": 124,
                        "column": 45
                    }
                },
                "skip": true
            },
            "12": {
                "name": "(anonymous_12)",
                "line": 125,
                "loc": {
                    "start": {
                        "line": 125,
                        "column": 40
                    },
                    "end": {
                        "line": 127,
                        "column": 15
                    }
                },
                "skip": true
            },
            "13": {
                "name": "onErrorThrow",
                "line": 146,
                "loc": {
                    "start": {
                        "line": 146,
                        "column": 4
                    },
                    "end": {
                        "line": 146,
                        "column": 31
                    }
                },
                "skip": true
            },
            "14": {
                "name": "(anonymous_14)",
                "line": 161,
                "loc": {
                    "start": {
                        "line": 161,
                        "column": 41
                    },
                    "end": {
                        "line": 161,
                        "column": 56
                    }
                },
                "skip": true
            },
            "15": {
                "name": "(anonymous_15)",
                "line": 183,
                "loc": {
                    "start": {
                        "line": 183,
                        "column": 1
                    },
                    "end": {
                        "line": 183,
                        "column": 18
                    }
                }
            },
            "16": {
                "name": "(anonymous_16)",
                "line": 189,
                "loc": {
                    "start": {
                        "line": 189,
                        "column": 1
                    },
                    "end": {
                        "line": 189,
                        "column": 13
                    }
                },
                "skip": true
            },
            "17": {
                "name": "(anonymous_17)",
                "line": 200,
                "loc": {
                    "start": {
                        "line": 200,
                        "column": 1
                    },
                    "end": {
                        "line": 200,
                        "column": 13
                    }
                }
            },
            "18": {
                "name": "(anonymous_18)",
                "line": 201,
                "loc": {
                    "start": {
                        "line": 201,
                        "column": 34
                    },
                    "end": {
                        "line": 201,
                        "column": 58
                    }
                }
            }
        },
        "statementMap": {
            "1": {
                "start": {
                    "line": 6,
                    "column": 0
                },
                "end": {
                    "line": 178,
                    "column": 5
                },
                "skip": true
            },
            "2": {
                "start": {
                    "line": 8,
                    "column": 4
                },
                "end": {
                    "line": 8,
                    "column": 18
                },
                "skip": true
            },
            "3": {
                "start": {
                    "line": 9,
                    "column": 4
                },
                "end": {
                    "line": 9,
                    "column": 20
                },
                "skip": true
            },
            "4": {
                "start": {
                    "line": 10,
                    "column": 4
                },
                "end": {
                    "line": 10,
                    "column": 14
                },
                "skip": true
            },
            "5": {
                "start": {
                    "line": 12,
                    "column": 4
                },
                "end": {
                    "line": 25,
                    "column": 5
                },
                "skip": true
            },
            "6": {
                "start": {
                    "line": 13,
                    "column": 8
                },
                "end": {
                    "line": 13,
                    "column": 25
                },
                "skip": true
            },
            "7": {
                "start": {
                    "line": 14,
                    "column": 8
                },
                "end": {
                    "line": 14,
                    "column": 37
                },
                "skip": true
            },
            "8": {
                "start": {
                    "line": 15,
                    "column": 8
                },
                "end": {
                    "line": 24,
                    "column": 10
                },
                "skip": true
            },
            "9": {
                "start": {
                    "line": 20,
                    "column": 12
                },
                "end": {
                    "line": 20,
                    "column": 44
                },
                "skip": true
            },
            "10": {
                "start": {
                    "line": 21,
                    "column": 12
                },
                "end": {
                    "line": 21,
                    "column": 37
                },
                "skip": true
            },
            "11": {
                "start": {
                    "line": 22,
                    "column": 12
                },
                "end": {
                    "line": 22,
                    "column": 31
                },
                "skip": true
            },
            "12": {
                "start": {
                    "line": 23,
                    "column": 12
                },
                "end": {
                    "line": 23,
                    "column": 30
                },
                "skip": true
            },
            "13": {
                "start": {
                    "line": 27,
                    "column": 4
                },
                "end": {
                    "line": 31,
                    "column": 6
                },
                "skip": true
            },
            "14": {
                "start": {
                    "line": 33,
                    "column": 4
                },
                "end": {
                    "line": 35,
                    "column": 6
                },
                "skip": true
            },
            "15": {
                "start": {
                    "line": 37,
                    "column": 4
                },
                "end": {
                    "line": 65,
                    "column": 5
                },
                "skip": true
            },
            "16": {
                "start": {
                    "line": 41,
                    "column": 8
                },
                "end": {
                    "line": 59,
                    "column": 9
                },
                "skip": true
            },
            "17": {
                "start": {
                    "line": 45,
                    "column": 12
                },
                "end": {
                    "line": 45,
                    "column": 23
                },
                "skip": true
            },
            "18": {
                "start": {
                    "line": 46,
                    "column": 12
                },
                "end": {
                    "line": 48,
                    "column": 13
                },
                "skip": true
            },
            "19": {
                "start": {
                    "line": 47,
                    "column": 16
                },
                "end": {
                    "line": 47,
                    "column": 27
                },
                "skip": true
            },
            "20": {
                "start": {
                    "line": 50,
                    "column": 12
                },
                "end": {
                    "line": 52,
                    "column": 13
                },
                "skip": true
            },
            "21": {
                "start": {
                    "line": 51,
                    "column": 16
                },
                "end": {
                    "line": 51,
                    "column": 61
                },
                "skip": true
            },
            "22": {
                "start": {
                    "line": 54,
                    "column": 12
                },
                "end": {
                    "line": 54,
                    "column": 24
                },
                "skip": true
            },
            "23": {
                "start": {
                    "line": 55,
                    "column": 12
                },
                "end": {
                    "line": 57,
                    "column": 15
                },
                "skip": true
            },
            "24": {
                "start": {
                    "line": 56,
                    "column": 16
                },
                "end": {
                    "line": 56,
                    "column": 69
                },
                "skip": true
            },
            "25": {
                "start": {
                    "line": 58,
                    "column": 12
                },
                "end": {
                    "line": 58,
                    "column": 26
                },
                "skip": true
            },
            "26": {
                "start": {
                    "line": 60,
                    "column": 8
                },
                "end": {
                    "line": 60,
                    "column": 62
                },
                "skip": true
            },
            "27": {
                "start": {
                    "line": 61,
                    "column": 8
                },
                "end": {
                    "line": 61,
                    "column": 62
                },
                "skip": true
            },
            "28": {
                "start": {
                    "line": 62,
                    "column": 8
                },
                "end": {
                    "line": 64,
                    "column": 9
                },
                "skip": true
            },
            "29": {
                "start": {
                    "line": 63,
                    "column": 12
                },
                "end": {
                    "line": 63,
                    "column": 79
                },
                "skip": true
            },
            "30": {
                "start": {
                    "line": 66,
                    "column": 4
                },
                "end": {
                    "line": 89,
                    "column": 5
                },
                "skip": true
            },
            "31": {
                "start": {
                    "line": 70,
                    "column": 8
                },
                "end": {
                    "line": 72,
                    "column": 9
                },
                "skip": true
            },
            "32": {
                "start": {
                    "line": 71,
                    "column": 12
                },
                "end": {
                    "line": 71,
                    "column": 19
                },
                "skip": true
            },
            "33": {
                "start": {
                    "line": 73,
                    "column": 8
                },
                "end": {
                    "line": 88,
                    "column": 10
                },
                "skip": true
            },
            "34": {
                "start": {
                    "line": 90,
                    "column": 4
                },
                "end": {
                    "line": 105,
                    "column": 5
                },
                "skip": true
            },
            "35": {
                "start": {
                    "line": 94,
                    "column": 8
                },
                "end": {
                    "line": 94,
                    "column": 16
                },
                "skip": true
            },
            "36": {
                "start": {
                    "line": 95,
                    "column": 8
                },
                "end": {
                    "line": 95,
                    "column": 15
                },
                "skip": true
            },
            "37": {
                "start": {
                    "line": 96,
                    "column": 8
                },
                "end": {
                    "line": 96,
                    "column": 15
                },
                "skip": true
            },
            "38": {
                "start": {
                    "line": 97,
                    "column": 8
                },
                "end": {
                    "line": 103,
                    "column": 9
                },
                "skip": true
            },
            "39": {
                "start": {
                    "line": 98,
                    "column": 12
                },
                "end": {
                    "line": 98,
                    "column": 30
                },
                "skip": true
            },
            "40": {
                "start": {
                    "line": 99,
                    "column": 12
                },
                "end": {
                    "line": 101,
                    "column": 13
                },
                "skip": true
            },
            "41": {
                "start": {
                    "line": 100,
                    "column": 16
                },
                "end": {
                    "line": 100,
                    "column": 27
                },
                "skip": true
            },
            "42": {
                "start": {
                    "line": 102,
                    "column": 12
                },
                "end": {
                    "line": 102,
                    "column": 20
                },
                "skip": true
            },
            "43": {
                "start": {
                    "line": 104,
                    "column": 8
                },
                "end": {
                    "line": 104,
                    "column": 19
                },
                "skip": true
            },
            "44": {
                "start": {
                    "line": 106,
                    "column": 4
                },
                "end": {
                    "line": 111,
                    "column": 5
                },
                "skip": true
            },
            "45": {
                "start": {
                    "line": 110,
                    "column": 8
                },
                "end": {
                    "line": 110,
                    "column": 19
                },
                "skip": true
            },
            "46": {
                "start": {
                    "line": 112,
                    "column": 4
                },
                "end": {
                    "line": 117,
                    "column": 5
                },
                "skip": true
            },
            "47": {
                "start": {
                    "line": 116,
                    "column": 8
                },
                "end": {
                    "line": 116,
                    "column": 15
                },
                "skip": true
            },
            "48": {
                "start": {
                    "line": 118,
                    "column": 4
                },
                "end": {
                    "line": 145,
                    "column": 5
                },
                "skip": true
            },
            "49": {
                "start": {
                    "line": 123,
                    "column": 8
                },
                "end": {
                    "line": 123,
                    "column": 20
                },
                "skip": true
            },
            "50": {
                "start": {
                    "line": 124,
                    "column": 8
                },
                "end": {
                    "line": 142,
                    "column": 10
                },
                "skip": true
            },
            "51": {
                "start": {
                    "line": 125,
                    "column": 12
                },
                "end": {
                    "line": 141,
                    "column": 15
                },
                "skip": true
            },
            "52": {
                "start": {
                    "line": 128,
                    "column": 16
                },
                "end": {
                    "line": 128,
                    "column": 23
                },
                "skip": true
            },
            "53": {
                "start": {
                    "line": 129,
                    "column": 16
                },
                "end": {
                    "line": 129,
                    "column": 30
                },
                "skip": true
            },
            "54": {
                "start": {
                    "line": 130,
                    "column": 16
                },
                "end": {
                    "line": 133,
                    "column": 17
                },
                "skip": true
            },
            "55": {
                "start": {
                    "line": 131,
                    "column": 20
                },
                "end": {
                    "line": 131,
                    "column": 34
                },
                "skip": true
            },
            "56": {
                "start": {
                    "line": 132,
                    "column": 20
                },
                "end": {
                    "line": 132,
                    "column": 27
                },
                "skip": true
            },
            "57": {
                "start": {
                    "line": 134,
                    "column": 16
                },
                "end": {
                    "line": 140,
                    "column": 17
                },
                "skip": true
            },
            "58": {
                "start": {
                    "line": 139,
                    "column": 20
                },
                "end": {
                    "line": 139,
                    "column": 47
                },
                "skip": true
            },
            "59": {
                "start": {
                    "line": 143,
                    "column": 8
                },
                "end": {
                    "line": 143,
                    "column": 37
                },
                "skip": true
            },
            "60": {
                "start": {
                    "line": 144,
                    "column": 8
                },
                "end": {
                    "line": 144,
                    "column": 19
                },
                "skip": true
            },
            "61": {
                "start": {
                    "line": 146,
                    "column": 4
                },
                "end": {
                    "line": 153,
                    "column": 5
                },
                "skip": true
            },
            "62": {
                "start": {
                    "line": 150,
                    "column": 8
                },
                "end": {
                    "line": 152,
                    "column": 9
                },
                "skip": true
            },
            "63": {
                "start": {
                    "line": 151,
                    "column": 12
                },
                "end": {
                    "line": 151,
                    "column": 22
                },
                "skip": true
            },
            "64": {
                "start": {
                    "line": 155,
                    "column": 4
                },
                "end": {
                    "line": 164,
                    "column": 5
                },
                "skip": true
            },
            "65": {
                "start": {
                    "line": 160,
                    "column": 8
                },
                "end": {
                    "line": 160,
                    "column": 47
                },
                "skip": true
            },
            "66": {
                "start": {
                    "line": 161,
                    "column": 8
                },
                "end": {
                    "line": 163,
                    "column": 11
                },
                "skip": true
            },
            "67": {
                "start": {
                    "line": 162,
                    "column": 12
                },
                "end": {
                    "line": 162,
                    "column": 22
                },
                "skip": true
            },
            "68": {
                "start": {
                    "line": 166,
                    "column": 4
                },
                "end": {
                    "line": 166,
                    "column": 15
                },
                "skip": true
            },
            "69": {
                "start": {
                    "line": 167,
                    "column": 4
                },
                "end": {
                    "line": 167,
                    "column": 24
                },
                "skip": true
            },
            "70": {
                "start": {
                    "line": 168,
                    "column": 4
                },
                "end": {
                    "line": 168,
                    "column": 35
                },
                "skip": true
            },
            "71": {
                "start": {
                    "line": 169,
                    "column": 4
                },
                "end": {
                    "line": 169,
                    "column": 44
                },
                "skip": true
            },
            "72": {
                "start": {
                    "line": 170,
                    "column": 4
                },
                "end": {
                    "line": 170,
                    "column": 40
                },
                "skip": true
            },
            "73": {
                "start": {
                    "line": 171,
                    "column": 4
                },
                "end": {
                    "line": 171,
                    "column": 30
                },
                "skip": true
            },
            "74": {
                "start": {
                    "line": 172,
                    "column": 4
                },
                "end": {
                    "line": 172,
                    "column": 30
                },
                "skip": true
            },
            "75": {
                "start": {
                    "line": 173,
                    "column": 4
                },
                "end": {
                    "line": 173,
                    "column": 32
                },
                "skip": true
            },
            "76": {
                "start": {
                    "line": 174,
                    "column": 4
                },
                "end": {
                    "line": 174,
                    "column": 36
                },
                "skip": true
            },
            "77": {
                "start": {
                    "line": 175,
                    "column": 4
                },
                "end": {
                    "line": 175,
                    "column": 20
                },
                "skip": true
            },
            "78": {
                "start": {
                    "line": 176,
                    "column": 4
                },
                "end": {
                    "line": 176,
                    "column": 52
                },
                "skip": true
            },
            "79": {
                "start": {
                    "line": 177,
                    "column": 4
                },
                "end": {
                    "line": 177,
                    "column": 38
                },
                "skip": true
            },
            "80": {
                "start": {
                    "line": 183,
                    "column": 0
                },
                "end": {
                    "line": 215,
                    "column": 5
                }
            },
            "81": {
                "start": {
                    "line": 189,
                    "column": 0
                },
                "end": {
                    "line": 196,
                    "column": 5
                },
                "skip": true
            },
            "82": {
                "start": {
                    "line": 191,
                    "column": 0
                },
                "end": {
                    "line": 191,
                    "column": 51
                },
                "skip": true
            },
            "83": {
                "start": {
                    "line": 192,
                    "column": 0
                },
                "end": {
                    "line": 192,
                    "column": 30
                },
                "skip": true
            },
            "84": {
                "start": {
                    "line": 193,
                    "column": 0
                },
                "end": {
                    "line": 193,
                    "column": 25
                },
                "skip": true
            },
            "85": {
                "start": {
                    "line": 195,
                    "column": 0
                },
                "end": {
                    "line": 195,
                    "column": 28
                },
                "skip": true
            },
            "86": {
                "start": {
                    "line": 200,
                    "column": 0
                },
                "end": {
                    "line": 214,
                    "column": 5
                }
            },
            "87": {
                "start": {
                    "line": 201,
                    "column": 0
                },
                "end": {
                    "line": 213,
                    "column": 2
                }
            },
            "88": {
                "start": {
                    "line": 205,
                    "column": 4
                },
                "end": {
                    "line": 212,
                    "column": 21
                }
            }
        },
        "branchMap": {
            "1": {
                "line": 12,
                "type": "if",
                "locations": [
                    {
                        "start": {
                            "line": 12,
                            "column": 4
                        },
                        "end": {
                            "line": 12,
                            "column": 4
                        },
                        "skip": true
                    },
                    {
                        "start": {
                            "line": 12,
                            "column": 4
                        },
                        "end": {
                            "line": 12,
                            "column": 4
                        },
                        "skip": true
                    }
                ]
            },
            "2": {
                "line": 28,
                "type": "binary-expr",
                "locations": [
                    {
                        "start": {
                            "line": 28,
                            "column": 8
                        },
                        "end": {
                            "line": 28,
                            "column": 55
                        },
                        "skip": true
                    },
                    {
                        "start": {
                            "line": 29,
                            "column": 11
                        },
                        "end": {
                            "line": 29,
                            "column": 31
                        },
                        "skip": true
                    },
                    {
                        "start": {
                            "line": 30,
                            "column": 11
                        },
                        "end": {
                            "line": 30,
                            "column": 61
                        },
                        "skip": true
                    }
                ]
            },
            "3": {
                "line": 34,
                "type": "binary-expr",
                "locations": [
                    {
                        "start": {
                            "line": 34,
                            "column": 8
                        },
                        "end": {
                            "line": 34,
                            "column": 17
                        },
                        "skip": true
                    },
                    {
                        "start": {
                            "line": 34,
                            "column": 21
                        },
                        "end": {
                            "line": 34,
                            "column": 67
                        },
                        "skip": true
                    }
                ]
            },
            "4": {
                "line": 46,
                "type": "if",
                "locations": [
                    {
                        "start": {
                            "line": 46,
                            "column": 12
                        },
                        "end": {
                            "line": 46,
                            "column": 12
                        },
                        "skip": true
                    },
                    {
                        "start": {
                            "line": 46,
                            "column": 12
                        },
                        "end": {
                            "line": 46,
                            "column": 12
                        },
                        "skip": true
                    }
                ]
            },
            "5": {
                "line": 46,
                "type": "binary-expr",
                "locations": [
                    {
                        "start": {
                            "line": 46,
                            "column": 16
                        },
                        "end": {
                            "line": 46,
                            "column": 39
                        },
                        "skip": true
                    },
                    {
                        "start": {
                            "line": 46,
                            "column": 43
                        },
                        "end": {
                            "line": 46,
                            "column": 47
                        },
                        "skip": true
                    }
                ]
            },
            "6": {
                "line": 50,
                "type": "if",
                "locations": [
                    {
                        "start": {
                            "line": 50,
                            "column": 12
                        },
                        "end": {
                            "line": 50,
                            "column": 12
                        },
                        "skip": true
                    },
                    {
                        "start": {
                            "line": 50,
                            "column": 12
                        },
                        "end": {
                            "line": 50,
                            "column": 12
                        },
                        "skip": true
                    }
                ]
            },
            "7": {
                "line": 62,
                "type": "if",
                "locations": [
                    {
                        "start": {
                            "line": 62,
                            "column": 8
                        },
                        "end": {
                            "line": 62,
                            "column": 8
                        },
                        "skip": true
                    },
                    {
                        "start": {
                            "line": 62,
                            "column": 8
                        },
                        "end": {
                            "line": 62,
                            "column": 8
                        },
                        "skip": true
                    }
                ]
            },
            "8": {
                "line": 70,
                "type": "if",
                "locations": [
                    {
                        "start": {
                            "line": 70,
                            "column": 8
                        },
                        "end": {
                            "line": 70,
                            "column": 8
                        },
                        "skip": true
                    },
                    {
                        "start": {
                            "line": 70,
                            "column": 8
                        },
                        "end": {
                            "line": 70,
                            "column": 8
                        },
                        "skip": true
                    }
                ]
            },
            "9": {
                "line": 74,
                "type": "cond-expr",
                "locations": [
                    {
                        "start": {
                            "line": 80,
                            "column": 14
                        },
                        "end": {
                            "line": 80,
                            "column": 17
                        },
                        "skip": true
                    },
                    {
                        "start": {
                            "line": 81,
                            "column": 14
                        },
                        "end": {
                            "line": 87,
                            "column": 13
                        },
                        "skip": true
                    }
                ]
            },
            "10": {
                "line": 75,
                "type": "binary-expr",
                "locations": [
                    {
                        "start": {
                            "line": 75,
                            "column": 16
                        },
                        "end": {
                            "line": 75,
                            "column": 19
                        },
                        "skip": true
                    },
                    {
                        "start": {
                            "line": 76,
                            "column": 19
                        },
                        "end": {
                            "line": 76,
                            "column": 50
                        },
                        "skip": true
                    },
                    {
                        "start": {
                            "line": 77,
                            "column": 19
                        },
                        "end": {
                            "line": 77,
                            "column": 48
                        },
                        "skip": true
                    }
                ]
            },
            "11": {
                "line": 82,
                "type": "cond-expr",
                "locations": [
                    {
                        "start": {
                            "line": 84,
                            "column": 18
                        },
                        "end": {
                            "line": 84,
                            "column": 21
                        },
                        "skip": true
                    },
                    {
                        "start": {
                            "line": 86,
                            "column": 18
                        },
                        "end": {
                            "line": 86,
                            "column": 51
                        },
                        "skip": true
                    }
                ]
            },
            "12": {
                "line": 99,
                "type": "if",
                "locations": [
                    {
                        "start": {
                            "line": 99,
                            "column": 12
                        },
                        "end": {
                            "line": 99,
                            "column": 12
                        },
                        "skip": true
                    },
                    {
                        "start": {
                            "line": 99,
                            "column": 12
                        },
                        "end": {
                            "line": 99,
                            "column": 12
                        },
                        "skip": true
                    }
                ]
            },
            "13": {
                "line": 99,
                "type": "binary-expr",
                "locations": [
                    {
                        "start": {
                            "line": 99,
                            "column": 16
                        },
                        "end": {
                            "line": 99,
                            "column": 33
                        },
                        "skip": true
                    },
                    {
                        "start": {
                            "line": 99,
                            "column": 37
                        },
                        "end": {
                            "line": 99,
                            "column": 49
                        },
                        "skip": true
                    },
                    {
                        "start": {
                            "line": 99,
                            "column": 53
                        },
                        "end": {
                            "line": 99,
                            "column": 63
                        },
                        "skip": true
                    }
                ]
            },
            "14": {
                "line": 130,
                "type": "if",
                "locations": [
                    {
                        "start": {
                            "line": 130,
                            "column": 16
                        },
                        "end": {
                            "line": 130,
                            "column": 16
                        },
                        "skip": true
                    },
                    {
                        "start": {
                            "line": 130,
                            "column": 16
                        },
                        "end": {
                            "line": 130,
                            "column": 16
                        },
                        "skip": true
                    }
                ]
            },
            "15": {
                "line": 130,
                "type": "binary-expr",
                "locations": [
                    {
                        "start": {
                            "line": 130,
                            "column": 20
                        },
                        "end": {
                            "line": 130,
                            "column": 36
                        },
                        "skip": true
                    },
                    {
                        "start": {
                            "line": 130,
                            "column": 40
                        },
                        "end": {
                            "line": 130,
                            "column": 51
                        },
                        "skip": true
                    },
                    {
                        "start": {
                            "line": 130,
                            "column": 55
                        },
                        "end": {
                            "line": 130,
                            "column": 64
                        },
                        "skip": true
                    }
                ]
            },
            "16": {
                "line": 134,
                "type": "if",
                "locations": [
                    {
                        "start": {
                            "line": 134,
                            "column": 16
                        },
                        "end": {
                            "line": 134,
                            "column": 16
                        },
                        "skip": true
                    },
                    {
                        "start": {
                            "line": 134,
                            "column": 16
                        },
                        "end": {
                            "line": 134,
                            "column": 16
                        },
                        "skip": true
                    }
                ]
            },
            "17": {
                "line": 135,
                "type": "binary-expr",
                "locations": [
                    {
                        "start": {
                            "line": 135,
                            "column": 20
                        },
                        "end": {
                            "line": 135,
                            "column": 31
                        },
                        "skip": true
                    },
                    {
                        "start": {
                            "line": 136,
                            "column": 23
                        },
                        "end": {
                            "line": 136,
                            "column": 45
                        },
                        "skip": true
                    },
                    {
                        "start": {
                            "line": 136,
                            "column": 49
                        },
                        "end": {
                            "line": 136,
                            "column": 51
                        },
                        "skip": true
                    },
                    {
                        "start": {
                            "line": 136,
                            "column": 55
                        },
                        "end": {
                            "line": 136,
                            "column": 73
                        },
                        "skip": true
                    },
                    {
                        "start": {
                            "line": 137,
                            "column": 23
                        },
                        "end": {
                            "line": 137,
                            "column": 45
                        },
                        "skip": true
                    },
                    {
                        "start": {
                            "line": 137,
                            "column": 49
                        },
                        "end": {
                            "line": 137,
                            "column": 51
                        },
                        "skip": true
                    },
                    {
                        "start": {
                            "line": 137,
                            "column": 55
                        },
                        "end": {
                            "line": 137,
                            "column": 73
                        },
                        "skip": true
                    }
                ]
            },
            "18": {
                "line": 150,
                "type": "if",
                "locations": [
                    {
                        "start": {
                            "line": 150,
                            "column": 8
                        },
                        "end": {
                            "line": 150,
                            "column": 8
                        },
                        "skip": true
                    },
                    {
                        "start": {
                            "line": 150,
                            "column": 8
                        },
                        "end": {
                            "line": 150,
                            "column": 8
                        },
                        "skip": true
                    }
                ]
            },
            "19": {
                "line": 155,
                "type": "if",
                "locations": [
                    {
                        "start": {
                            "line": 155,
                            "column": 4
                        },
                        "end": {
                            "line": 155,
                            "column": 4
                        },
                        "skip": true
                    },
                    {
                        "start": {
                            "line": 155,
                            "column": 4
                        },
                        "end": {
                            "line": 155,
                            "column": 4
                        },
                        "skip": true
                    }
                ]
            },
            "20": {
                "line": 156,
                "type": "binary-expr",
                "locations": [
                    {
                        "start": {
                            "line": 156,
                            "column": 8
                        },
                        "end": {
                            "line": 156,
                            "column": 35
                        },
                        "skip": true
                    },
                    {
                        "start": {
                            "line": 156,
                            "column": 39
                        },
                        "end": {
                            "line": 156,
                            "column": 46
                        },
                        "skip": true
                    },
                    {
                        "start": {
                            "line": 157,
                            "column": 11
                        },
                        "end": {
                            "line": 157,
                            "column": 43
                        },
                        "skip": true
                    },
                    {
                        "start": {
                            "line": 158,
                            "column": 11
                        },
                        "end": {
                            "line": 158,
                            "column": 51
                        },
                        "skip": true
                    }
                ]
            },
            "21": {
                "line": 191,
                "type": "binary-expr",
                "locations": [
                    {
                        "start": {
                            "line": 191,
                            "column": 8
                        },
                        "end": {
                            "line": 191,
                            "column": 27
                        },
                        "skip": true
                    },
                    {
                        "start": {
                            "line": 191,
                            "column": 31
                        },
                        "end": {
                            "line": 191,
                            "column": 50
                        },
                        "skip": true
                    }
                ]
            }
        },
        "code": [
            "/* istanbul instrument in package sqlite3 */",
            "// assets.utility2.header.js - start",
            "/* jslint utility2:true */",
            "/* istanbul ignore next */",
            "// run shared js-env code - init-local",
            "(function () {",
            "    \"use strict\";",
            "    let isBrowser;",
            "    let isWebWorker;",
            "    let local;",
            "    // init debugInline",
            "    if (!globalThis.debugInline) {",
            "        let consoleError;",
            "        consoleError = console.error;",
            "        globalThis.debugInline = function (...argList) {",
            "        /*",
            "         * this function will both print <argList> to stderr",
            "         * and return <argList>[0]",
            "         */",
            "            consoleError(\"\\n\\ndebugInline\");",
            "            consoleError(...argList);",
            "            consoleError(\"\\n\");",
            "            return argList[0];",
            "        };",
            "    }",
            "    // init isBrowser",
            "    isBrowser = (",
            "        typeof globalThis.XMLHttpRequest === \"function\"",
            "        && globalThis.navigator",
            "        && typeof globalThis.navigator.userAgent === \"string\"",
            "    );",
            "    // init isWebWorker",
            "    isWebWorker = (",
            "        isBrowser && typeof globalThis.importScripts === \"function\"",
            "    );",
            "    // init function",
            "    function assertJsonEqual(aa, bb) {",
            "    /*",
            "     * this function will assert JSON.stringify(<aa>) === JSON.stringify(<bb>)",
            "     */",
            "        function objectDeepCopyWithKeysSorted(obj) {",
            "        /*",
            "         * this function will recursively deep-copy <obj> with keys sorted",
            "         */",
            "            let sorted;",
            "            if (typeof obj !== \"object\" || !obj) {",
            "                return obj;",
            "            }",
            "            // recursively deep-copy list with child-keys sorted",
            "            if (Array.isArray(obj)) {",
            "                return obj.map(objectDeepCopyWithKeysSorted);",
            "            }",
            "            // recursively deep-copy obj with keys sorted",
            "            sorted = {};",
            "            Object.keys(obj).sort().forEach(function (key) {",
            "                sorted[key] = objectDeepCopyWithKeysSorted(obj[key]);",
            "            });",
            "            return sorted;",
            "        }",
            "        aa = JSON.stringify(objectDeepCopyWithKeysSorted(aa));",
            "        bb = JSON.stringify(objectDeepCopyWithKeysSorted(bb));",
            "        if (aa !== bb) {",
            "            throw new Error(JSON.stringify(aa) + \" !== \" + JSON.stringify(bb));",
            "        }",
            "    }",
            "    function assertOrThrow(passed, msg) {",
            "    /*",
            "     * this function will throw <msg> if <passed> is falsy",
            "     */",
            "        if (passed) {",
            "            return;",
            "        }",
            "        throw (",
            "            (",
            "                msg",
            "                && typeof msg.message === \"string\"",
            "                && typeof msg.stack === \"string\"",
            "            )",
            "            // if msg is err, then leave as is",
            "            ? msg",
            "            : new Error(",
            "                typeof msg === \"string\"",
            "                // if msg is string, then leave as is",
            "                ? msg",
            "                // else JSON.stringify(msg)",
            "                : JSON.stringify(msg, undefined, 4)",
            "            )",
            "        );",
            "    }",
            "    function coalesce(...argList) {",
            "    /*",
            "     * this function will coalesce null, undefined, or \"\" in <argList>",
            "     */",
            "        let arg;",
            "        let ii;",
            "        ii = 0;",
            "        while (ii < argList.length) {",
            "            arg = argList[ii];",
            "            if (arg !== undefined && arg !== null && arg !== \"\") {",
            "                return arg;",
            "            }",
            "            ii += 1;",
            "        }",
            "        return arg;",
            "    }",
            "    function identity(val) {",
            "    /*",
            "     * this function will return <val>",
            "     */",
            "        return val;",
            "    }",
            "    function nop() {",
            "    /*",
            "     * this function will do nothing",
            "     */",
            "        return;",
            "    }",
            "    function objectAssignDefault(tgt = {}, src = {}, depth = 0) {",
            "    /*",
            "     * this function will if items from <tgt> are null, undefined, or \"\",",
            "     * then overwrite them with items from <src>",
            "     */",
            "        let recurse;",
            "        recurse = function (tgt, src, depth) {",
            "            Object.entries(src).forEach(function ([",
            "                key, bb",
            "            ]) {",
            "                let aa;",
            "                aa = tgt[key];",
            "                if (aa === undefined || aa === null || aa === \"\") {",
            "                    tgt[key] = bb;",
            "                    return;",
            "                }",
            "                if (",
            "                    depth !== 0",
            "                    && typeof aa === \"object\" && aa && !Array.isArray(aa)",
            "                    && typeof bb === \"object\" && bb && !Array.isArray(bb)",
            "                ) {",
            "                    recurse(aa, bb, depth - 1);",
            "                }",
            "            });",
            "        };",
            "        recurse(tgt, src, depth | 0);",
            "        return tgt;",
            "    }",
            "    function onErrorThrow(err) {",
            "    /*",
            "     * this function will throw <err> if exists",
            "     */",
            "        if (err) {",
            "            throw err;",
            "        }",
            "    }",
            "    // bug-workaround - throw unhandledRejections in node-process",
            "    if (",
            "        typeof process === \"object\" && process",
            "        && typeof process.on === \"function\"",
            "        && process.unhandledRejections !== \"strict\"",
            "    ) {",
            "        process.unhandledRejections = \"strict\";",
            "        process.on(\"unhandledRejection\", function (err) {",
            "            throw err;",
            "        });",
            "    }",
            "    // init local",
            "    local = {};",
            "    local.local = local;",
            "    globalThis.globalLocal = local;",
            "    local.assertJsonEqual = assertJsonEqual;",
            "    local.assertOrThrow = assertOrThrow;",
            "    local.coalesce = coalesce;",
            "    local.identity = identity;",
            "    local.isBrowser = isBrowser;",
            "    local.isWebWorker = isWebWorker;",
            "    local.nop = nop;",
            "    local.objectAssignDefault = objectAssignDefault;",
            "    local.onErrorThrow = onErrorThrow;",
            "}());",
            "// assets.utility2.header.js - end",
            "",
            "",
            "/* jslint utility2:true */",
            "(function (local) {",
            "\"use strict\";",
            "",
            "",
            "/* istanbul ignore next */",
            "// run shared js-env code - init-before",
            "(function () {",
            "// init local",
            "local = globalThis.utility2 || require(\"utility2\");",
            "local = local.requireReadme();",
            "globalThis.local = local;",
            "// init test",
            "local.testRunDefault(local);",
            "}());",
            "",
            "",
            "// run shared js-env code - function",
            "(function () {",
            "local.testCase_buildApp_default = function (opt, onError) {",
            "/*",
            " * this function will test buildApp's default handling-behavior",
            " */",
            "    local._testCase_buildApp_default({",
            "        assetsList: [",
            "            {",
            "                file: \"/\" + local.sqlite3_binary,",
            "                url: \"/\" + local.sqlite3_binary",
            "            }",
            "        ]",
            "    }, onError, opt);",
            "};",
            "}());",
            "}());",
            ""
        ],
        "l": {
            "6": 2,
            "8": 2,
            "9": 2,
            "10": 2,
            "12": 2,
            "13": 1,
            "14": 1,
            "15": 1,
            "20": 1,
            "21": 1,
            "22": 1,
            "23": 1,
            "27": 2,
            "33": 2,
            "37": 2,
            "41": 2,
            "45": 1,
            "46": 1,
            "47": 1,
            "50": 1,
            "51": 1,
            "54": 1,
            "55": 1,
            "56": 1,
            "58": 1,
            "60": 1,
            "61": 1,
            "62": 1,
            "63": 1,
            "66": 2,
            "70": 1,
            "71": 1,
            "73": 1,
            "90": 2,
            "94": 1,
            "95": 1,
            "96": 1,
            "97": 1,
            "98": 1,
            "99": 1,
            "100": 1,
            "102": 1,
            "104": 1,
            "106": 2,
            "110": 1,
            "112": 2,
            "116": 1,
            "118": 2,
            "123": 1,
            "124": 1,
            "125": 1,
            "128": 1,
            "129": 1,
            "130": 1,
            "131": 1,
            "132": 1,
            "134": 1,
            "139": 1,
            "143": 1,
            "144": 1,
            "146": 2,
            "150": 1,
            "151": 1,
            "155": 2,
            "160": 1,
            "161": 1,
            "162": 1,
            "166": 2,
            "167": 2,
            "168": 2,
            "169": 2,
            "170": 2,
            "171": 2,
            "172": 2,
            "173": 2,
            "174": 2,
            "175": 2,
            "176": 2,
            "177": 2,
            "183": 2,
            "189": 2,
            "191": 2,
            "192": 2,
            "193": 2,
            "195": 2,
            "200": 2,
            "201": 2,
            "205": 2
        }
    },
    "/home/travis/build/kaizhu256/node-sqlite3-lite/lib.sqlite3.js": {
        "path": "/home/travis/build/kaizhu256/node-sqlite3-lite/lib.sqlite3.js",
        "s": {
            "1": 2,
            "2": 2,
            "3": 2,
            "4": 2,
            "5": 2,
            "6": 0,
            "7": 0,
            "8": 0,
            "9": 0,
            "10": 0,
            "11": 0,
            "12": 0,
            "13": 2,
            "14": 2,
            "15": 2,
            "16": 2,
            "17": 0,
            "18": 0,
            "19": 0,
            "20": 0,
            "21": 0,
            "22": 0,
            "23": 0,
            "24": 0,
            "25": 0,
            "26": 0,
            "27": 0,
            "28": 0,
            "29": 0,
            "30": 2,
            "31": 0,
            "32": 0,
            "33": 0,
            "34": 2,
            "35": 0,
            "36": 0,
            "37": 0,
            "38": 0,
            "39": 0,
            "40": 0,
            "41": 0,
            "42": 0,
            "43": 0,
            "44": 2,
            "45": 0,
            "46": 2,
            "47": 0,
            "48": 2,
            "49": 1,
            "50": 1,
            "51": 1,
            "52": 1,
            "53": 1,
            "54": 1,
            "55": 1,
            "56": 1,
            "57": 0,
            "58": 0,
            "59": 1,
            "60": 1,
            "61": 2,
            "62": 0,
            "63": 0,
            "64": 2,
            "65": 0,
            "66": 0,
            "67": 0,
            "68": 2,
            "69": 2,
            "70": 2,
            "71": 2,
            "72": 2,
            "73": 2,
            "74": 2,
            "75": 2,
            "76": 2,
            "77": 2,
            "78": 2,
            "79": 2,
            "80": 2,
            "81": 2,
            "82": 2,
            "83": 2,
            "84": 1,
            "85": 1,
            "86": 1,
            "87": 2,
            "88": 2,
            "89": 1,
            "90": 1,
            "91": 0,
            "92": 0,
            "93": 0,
            "94": 0,
            "95": 0,
            "96": 1,
            "97": 1,
            "98": 1,
            "99": 1,
            "100": 1,
            "101": 1,
            "102": 2,
            "103": 6,
            "104": 0,
            "105": 0,
            "106": 0,
            "107": 0,
            "108": 0,
            "109": 0,
            "110": 0,
            "111": 0,
            "112": 0,
            "113": 2,
            "114": 3,
            "115": 54,
            "116": 1,
            "117": 0,
            "118": 0,
            "119": 0,
            "120": 0,
            "121": 2,
            "122": 0,
            "123": 0,
            "124": 0,
            "125": 0,
            "126": 0,
            "127": 0,
            "128": 0,
            "129": 0,
            "130": 0,
            "131": 0,
            "132": 1,
            "133": 1,
            "134": 1,
            "135": 1,
            "136": 1,
            "137": 1,
            "138": 1,
            "139": 0,
            "140": 1,
            "141": 0,
            "142": 0,
            "143": 1,
            "144": 0,
            "145": 0,
            "146": 1,
            "147": 0,
            "148": 0,
            "149": 1,
            "150": 0,
            "151": 0,
            "152": 1,
            "153": 0,
            "154": 0,
            "155": 1,
            "156": 0,
            "157": 0,
            "158": 0,
            "159": 0,
            "160": 0,
            "161": 0,
            "162": 1,
            "163": 0,
            "164": 0,
            "165": 0,
            "166": 0,
            "167": 0,
            "168": 0,
            "169": 0,
            "170": 0,
            "171": 0,
            "172": 0,
            "173": 0,
            "174": 0,
            "175": 0,
            "176": 0,
            "177": 0,
            "178": 0,
            "179": 1,
            "180": 1,
            "181": 1,
            "182": 0,
            "183": 0,
            "184": 0,
            "185": 0,
            "186": 1,
            "187": 0,
            "188": 0,
            "189": 0,
            "190": 0,
            "191": 1,
            "192": 0,
            "193": 0,
            "194": 0,
            "195": 0,
            "196": 1,
            "197": 0,
            "198": 0,
            "199": 0,
            "200": 0,
            "201": 0,
            "202": 0,
            "203": 0,
            "204": 0,
            "205": 1,
            "206": 1
        },
        "b": {
            "1": [
                0,
                2
            ],
            "2": [
                2,
                1,
                1
            ],
            "3": [
                2,
                1
            ],
            "4": [
                0,
                0
            ],
            "5": [
                0,
                0
            ],
            "6": [
                0,
                0
            ],
            "7": [
                0,
                0
            ],
            "8": [
                0,
                0
            ],
            "9": [
                0,
                0
            ],
            "10": [
                0,
                0,
                0
            ],
            "11": [
                0,
                0
            ],
            "12": [
                0,
                0
            ],
            "13": [
                0,
                0,
                0
            ],
            "14": [
                1,
                0
            ],
            "15": [
                1,
                0,
                0
            ],
            "16": [
                0,
                0
            ],
            "17": [
                0,
                0,
                0,
                0,
                0,
                0,
                0
            ],
            "18": [
                0,
                0
            ],
            "19": [
                0,
                2
            ],
            "20": [
                2,
                1,
                1,
                1
            ],
            "21": [
                2,
                2
            ],
            "22": [
                1,
                1
            ],
            "23": [
                1,
                1
            ],
            "24": [
                0,
                1
            ],
            "25": [
                1,
                0,
                0
            ],
            "26": [
                0,
                0
            ],
            "27": [
                0,
                0
            ],
            "28": [
                0,
                0
            ],
            "29": [
                0,
                0
            ],
            "30": [
                0,
                0
            ],
            "31": [
                0,
                0
            ],
            "32": [
                0,
                0
            ],
            "33": [
                0,
                0
            ],
            "34": [
                0,
                0
            ],
            "35": [
                0,
                0
            ],
            "36": [
                0,
                0
            ],
            "37": [
                0,
                0
            ],
            "38": [
                0,
                0
            ],
            "39": [
                0,
                0
            ],
            "40": [
                0,
                0
            ],
            "41": [
                0,
                0
            ],
            "42": [
                0,
                0
            ],
            "43": [
                0,
                0
            ]
        },
        "f": {
            "1": 2,
            "2": 0,
            "3": 0,
            "4": 0,
            "5": 0,
            "6": 0,
            "7": 0,
            "8": 0,
            "9": 0,
            "10": 1,
            "11": 1,
            "12": 1,
            "13": 0,
            "14": 0,
            "15": 2,
            "16": 2,
            "17": 0,
            "18": 0,
            "19": 0,
            "20": 6,
            "21": 0,
            "22": 0,
            "23": 3,
            "24": 0,
            "25": 0,
            "26": 0,
            "27": 0,
            "28": 0,
            "29": 0,
            "30": 0,
            "31": 0,
            "32": 0,
            "33": 0,
            "34": 0,
            "35": 0,
            "36": 0,
            "37": 0,
            "38": 0,
            "39": 0,
            "40": 0
        },
        "fnMap": {
            "1": {
                "name": "(anonymous_1)",
                "line": 15,
                "loc": {
                    "start": {
                        "line": 15,
                        "column": 1
                    },
                    "end": {
                        "line": 15,
                        "column": 13
                    }
                },
                "skip": true
            },
            "2": {
                "name": "(anonymous_2)",
                "line": 24,
                "loc": {
                    "start": {
                        "line": 24,
[...]
            "            }\\n\\",
            "            // this algorithm will indefinitely increment ajaxProgress\\n\\",
            "            // with successively smaller increments without reaching 100%\\n\\",
            "            width += 1;\\n\\",
            "            styleBar.width = Math.max(\\n\\",
            "                100 - 75 * Math.exp(-0.125 * width),\\n\\",
            "                styleBar.width.slice(0, -1) | 0\\n\\",
            "            ) + \"%\";\\n\\",
            "            // show ajaxProgressModal\\n\\",
            "            styleModal.height = \"100%\";\\n\\",
            "            styleModal.opacity = styleModal0.opacity;\\n\\",
            "            if (!opt.cnt) {\\n\\",
            "                setTimeout(opt, 0, gotoState, onError);\\n\\",
            "            }\\n\\",
            "            break;\\n\\",
            "        // ajaxProgress - 100%\\n\\",
            "        case 3:\\n\\",
            "            width = -1;\\n\\",
            "            styleBar.width = \"100%\";\\n\\",
            "            setTimeout(opt, 1000, gotoState, onError);\\n\\",
            "            break;\\n\\",
            "        // ajaxProgress - hide\\n\\",
            "        case 4:\\n\\",
            "            // debug timeElapsed\\n\\",
            "            tmp = Date.now();\\n\\",
            "            console.error(\\n\\",
            "                \"domOnEventAjaxProgressUpdate - timeElapsed - \"\\n\\",
            "                + (tmp - timeStart)\\n\\",
            "                + \" ms\"\\n\\",
            "            );\\n\\",
            "            // cleanup timerInterval and timerTimeout\\n\\",
            "            timeStart = tmp;\\n\\",
            "            clearInterval(timerInterval);\\n\\",
            "            timerInterval = undefined;\\n\\",
            "            clearTimeout(timerTimeout);\\n\\",
            "            timerTimeout = undefined;\\n\\",
            "            // hide ajaxProgressBar\\n\\",
            "            styleBar.background = \"transparent\";\\n\\",
            "            // hide ajaxProgressModal\\n\\",
            "            styleModal.opacity = \"0\";\\n\\",
            "            if (onError) {\\n\\",
            "                onError();\\n\\",
            "            }\\n\\",
            "            setTimeout(opt, 250, gotoState);\\n\\",
            "            break;\\n\\",
            "        // ajaxProgress - reset\\n\\",
            "        default:\\n\\",
            "            opt.cnt = 0;\\n\\",
            "            width = 0;\\n\\",
            "            styleBar.width = \"0%\";\\n\\",
            "            styleModal.height = \"0\";\\n\\",
            "        }\\n\\",
            "    };\\n\\",
            "    opt = window.domOnEventAjaxProgressUpdate;\\n\\",
            "    opt.end = function (onError) {\\n\\",
            "        opt.cnt = 0;\\n\\",
            "        window.domOnEventAjaxProgressUpdate(2, onError);\\n\\",
            "    };\\n\\",
            "    // init styleBar\\n\\",
            "    styleBar = document.getElementById(\"domElementAjaxProgressBar1\").style;\\n\\",
            "    styleBar0 = Object.assign({}, styleBar);\\n\\",
            "    Object.entries({\\n\\",
            "        background: \"#d00\",\\n\\",
            "        height: \"2px\",\\n\\",
            "        left: \"0\",\\n\\",
            "        margin: \"0\",\\n\\",
            "        padding: \"0\",\\n\\",
            "        position: \"fixed\",\\n\\",
            "        top: \"0\",\\n\\",
            "        transition: \"background 250ms, width 750ms\",\\n\\",
            "        width: \"0%\",\\n\\",
            "        \"z-index\": \"1\"\\n\\",
            "    }).forEach(function (entry) {\\n\\",
            "        styleBar[entry[0]] = styleBar[entry[0]] || entry[1];\\n\\",
            "    });\\n\\",
            "    // init styleModal\\n\\",
            "    styleModal = document.getElementById(\"domElementAjaxProgressModal1\") || {};\\n\\",
            "    styleModal = styleModal.style || {};\\n\\",
            "    styleModal0 = Object.assign({}, styleModal);\\n\\",
            "    Object.entries({\\n\\",
            "        height: \"0\",\\n\\",
            "        left: \"0\",\\n\\",
            "        margin: \"0\",\\n\\",
            "        padding: \"0\",\\n\\",
            "        position: \"fixed\",\\n\\",
            "        top: \"0\",\\n\\",
            "        transition: \"opacity 125ms\",\\n\\",
            "        width: \"100%\",\\n\\",
            "        \"z-index\": \"1\"\\n\\",
            "    }).forEach(function (entry) {\\n\\",
            "        styleModal[entry[0]] = styleModal[entry[0]] || entry[1];\\n\\",
            "    });\\n\\",
            "    // init state\\n\\",
            "    width = 0;\\n\\",
            "    opt.cnt = 0;\\n\\",
            "    opt.timeout = 30000;\\n\\",
            "    // init ajaxProgress\\n\\",
            "    window.domOnEventAjaxProgressUpdate();\\n\\",
            "}());\\n\\",
            "\\n\\",
            "\\n\\",
            "// init domOnEventDelegateDict\\n\\",
            "(function () {\\n\\",
            "/*\\n\\",
            " * this function will handle delegated dom-evt\\n\\",
            " */\\n\\",
            "    \"use strict\";\\n\\",
            "    let debounce;\\n\\",
            "    let timerTimeout;\\n\\",
            "    debounce = function () {\\n\\",
            "        return setTimeout(function () {\\n\\",
            "            timerTimeout = undefined;\\n\\",
            "        }, 30);\\n\\",
            "    };\\n\\",
            "    if (!(\\n\\",
            "        typeof window === \"object\" && window && window.document\\n\\",
            "        && typeof document.addEventListener === \"function\"\\n\\",
            "    ) || window.domOnEventDelegateDict) {\\n\\",
            "        return;\\n\\",
            "    }\\n\\",
            "    window.domOnEventDelegateDict = {};\\n\\",
            "    window.domOnEventDelegateDict.domOnEventDelegate = function (evt) {\\n\\",
            "        evt.targetOnEvent = evt.target.closest(\"[data-onevent]\");\\n\\",
            "        if (\\n\\",
            "            !evt.targetOnEvent\\n\\",
            "            || evt.targetOnEvent.dataset.onevent === \"domOnEventNop\"\\n\\",
            "            || evt.target.closest(\".disabled,.readonly\")\\n\\",
            "        ) {\\n\\",
            "            return;\\n\\",
            "        }\\n\\",
            "        // filter evt-change\\n\\",
            "        switch (evt.type !== \"change\" && evt.target.type) {\\n\\",
            "        case \"checkbox\":\\n\\",
            "        case \"file\":\\n\\",
            "        case \"select-one\":\\n\\",
            "        case \"radio\":\\n\\",
            "            return;\\n\\",
            "        }\\n\\",
            "        // filter evt-keyup\\n\\",
            "        switch (evt.type) {\\n\\",
            "        case \"keyup\":\\n\\",
            "            if (!timerTimeout && (\\n\\",
            "                evt.target.tagName === \"INPUT\"\\n\\",
            "                || evt.target.tagName === \"TEXTAREA\"\\n\\",
            "            )) {\\n\\",
            "                timerTimeout = debounce();\\n\\",
            "                if (evt.target.dataset.valueOld !== evt.target.value) {\\n\\",
            "                    evt.target.dataset.valueOld = evt.target.value;\\n\\",
            "                    break;\\n\\",
            "                }\\n\\",
            "            }\\n\\",
            "            return;\\n\\",
            "        }\\n\\",
            "        switch (evt.targetOnEvent.tagName) {\\n\\",
            "        case \"BUTTON\":\\n\\",
            "        case \"FORM\":\\n\\",
            "            evt.preventDefault();\\n\\",
            "            break;\\n\\",
            "        }\\n\\",
            "        evt.stopPropagation();\\n\\",
            "        // handle domOnEventClickTarget\\n\\",
            "        if (evt.targetOnEvent.dataset.onevent === \"domOnEventClickTarget\") {\\n\\",
            "            document.querySelector(\\n\\",
            "                evt.targetOnEvent.dataset.clickTarget\\n\\",
            "            ).click();\\n\\",
            "            return;\\n\\",
            "        }\\n\\",
            "        window.domOnEventDelegateDict[evt.targetOnEvent.dataset.onevent](evt);\\n\\",
            "    };\\n\\",
            "    // handle evt\\n\\",
            "    [\\n\\",
            "        \"change\",\\n\\",
            "        \"click\",\\n\\",
            "        \"keyup\",\\n\\",
            "        \"submit\"\\n\\",
            "    ].forEach(function (eventType) {\\n\\",
            "        document.addEventListener(\\n\\",
            "            eventType,\\n\\",
            "            window.domOnEventDelegateDict.domOnEventDelegate\\n\\",
            "        );\\n\\",
            "    });\\n\\",
            "}());\\n\\",
            "\\n\\",
            "\\n\\",
            "// init domOnEventSelectAllWithinPre\\n\\",
            "(function () {\\n\\",
            "/*\\n\\",
            " * this function will limit select-all within <pre tabIndex=\"0\"> elem\\n\\",
            " * https://stackoverflow.com/questions/985272/selecting-text-in-an-element-akin-to-highlighting-with-your-mouse\\n\\",
            " */\\n\\",
            "    \"use strict\";\\n\\",
            "    if (!(\\n\\",
            "        typeof window === \"object\" && window && window.document\\n\\",
            "        && typeof document.addEventListener === \"function\"\\n\\",
            "    ) || window.domOnEventSelectAllWithinPre) {\\n\\",
            "        return;\\n\\",
            "    }\\n\\",
            "    window.domOnEventSelectAllWithinPre = function (evt) {\\n\\",
            "        let range;\\n\\",
            "        let selection;\\n\\",
            "        if (\\n\\",
            "            evt && (evt.ctrlKey || evt.metaKey) && evt.key === \"a\"\\n\\",
            "            && evt.target.closest(\"pre\")\\n\\",
            "        ) {\\n\\",
            "            range = document.createRange();\\n\\",
            "            range.selectNodeContents(evt.target.closest(\"pre\"));\\n\\",
            "            selection = window.getSelection();\\n\\",
            "            selection.removeAllRanges();\\n\\",
            "            selection.addRange(range);\\n\\",
            "            evt.preventDefault();\\n\\",
            "        }\\n\\",
            "    };\\n\\",
            "    // handle evt\\n\\",
            "    document.addEventListener(\\n\\",
            "        \"keydown\",\\n\\",
            "        window.domOnEventSelectAllWithinPre\\n\\",
            "    );\\n\\",
            "}());\\n\\",
            "</script>\\n\\",
            "<h1>\\n\\",
            "<!-- utility2-comment\\n\\",
            "<a\\n\\",
            "    {{#if env.npm_package_homepage}}\\n\\",
            "    href=\"{{env.npm_package_homepage}}\"\\n\\",
            "    {{/if env.npm_package_homepage}}\\n\\",
            "    target=\"_blank\"\\n\\",
            ">\\n\\",
            "utility2-comment -->\\n\\",
            "    {{env.npm_package_name}} ({{env.npm_package_version}})\\n\\",
            "<!-- utility2-comment\\n\\",
            "</a>\\n\\",
            "utility2-comment -->\\n\\",
            "</h1>\\n\\",
            "<h3>{{env.npm_package_description}}</h3>\\n\\",
            "<!-- utility2-comment\\n\\",
            "<a class=\"button\" download href=\"assets.app.js\">download standalone app</a><br>\\n\\",
            "<button class=\"button\" data-onevent=\"testRunBrowser\" id=\"buttonTestRun1\">run browser-tests</button><br>\\n\\",
            "<div class=\"uiAnimateSlide\" id=\"htmlTestReport1\" style=\"border-bottom: 0; border-top: 0; margin-bottom: 0; margin-top: 0; max-height: 0; padding-bottom: 0; padding-top: 0;\"></div>\\n\\",
            "utility2-comment -->\\n\\",
            "\\n\\",
            "\\n\\",
            "<!-- custom-html-start -->\\n\\",
            "<label>stderr and stdout</label>\\n\\",
            "<textarea class=\"onevent-reset-output readonly textarea\" id=\"outputStdout1\" readonly></textarea>\\n\\",
            "<!-- custom-html-end -->\\n\\",
            "\\n\\",
            "\\n\\",
            "<!-- utility2-comment\\n\\",
            "{{#if isRollup}}\\n\\",
            "<script src=\"assets.app.js\"></script>\\n\\",
            "{{#unless isRollup}}\\n\\",
            "<script src=\"assets.utility2.rollup.js\"></script>\\n\\",
            "<script>window.utility2_onReadyBefore.cnt += 1;</script>\\n\\",
            "<script src=\"utility2.state.init.js\"></script>\\n\\",
            "utility2-comment -->\\n\\",
            "<script src=\"assets.sqlite3.js\"></script>\\n\\",
            "<script src=\"assets.example.js\"></script>\\n\\",
            "<script src=\"assets.test.js\"></script>\\n\\",
            "<script>\\n\\",
            "if (window.utility2_onReadyBefore) {\\n\\",
            "    window.utility2_onReadyBefore();\\n\\",
            "}\\n\\",
            "</script>\\n\\",
            "<!-- utility2-comment\\n\\",
            "{{/if isRollup}}\\n\\",
            "utility2-comment -->\\n\\",
            "<div style=\"text-align: center;\">\\n\\",
            "    [\\n\\",
            "    this app was created with\\n\\",
            "    <a\\n\\",
            "        href=\"https://github.com/kaizhu256/node-utility2\" target=\"_blank\"\\n\\",
            "    >utility2</a>\\n\\",
            "    ]\\n\\",
            "</div>\\n\\",
            "</body>\\n\\",
            "</html>\\n\\",
            "';",
            "/* jslint ignore:end */",
            "local.assetsDict[\"/assets.sqlite3.js\"] = (",
            "    local.assetsDict[\"/assets.sqlite3.js\"]",
            "    || require(\"fs\").readFileSync(",
            "        require(\"path\").resolve(local.__dirname + \"/lib.sqlite3.js\"),",
            "        \"utf8\"",
            "    ).replace((",
            "        /^#!\\//",
            "    ), \"// \")",
            ");",
            "/* validateLineSortedReset */",
            "local.assetsDict[\"/\"] = local.assetsDict[",
            "    \"/assets.index.template.html\"",
            "].replace((",
            "    /\\{\\{env\\.(\\w+?)\\}\\}/g",
            "), function (match0, match1) {",
            "    switch (match1) {",
            "    case \"npm_package_description\":",
            "        return \"the greatest app in the world!\";",
            "    case \"npm_package_name\":",
            "        return \"sqlite3-lite\";",
            "    case \"npm_package_nameLib\":",
            "        return \"sqlite3\";",
            "    case \"npm_package_version\":",
            "        return \"0.0.1\";",
            "    default:",
            "        return match0;",
            "    }",
            "});",
            "local.assetsDict[\"/assets.example.html\"] = local.assetsDict[\"/\"];",
            "// init cli",
            "if (module !== require.main || globalThis.utility2_rollup) {",
            "    return;",
            "}",
            "local.assetsDict[\"/assets.example.js\"] = (",
            "    local.assetsDict[\"/assets.example.js\"]",
            "    || require(\"fs\").readFileSync(__filename, \"utf8\")",
            ");",
            "local.assetsDict[\"/favicon.ico\"] = local.assetsDict[\"/favicon.ico\"] || \"\";",
            "local.assetsDict[\"/index.html\"] = local.assetsDict[\"/\"];",
            "// if $npm_config_timeout_exit exists,",
            "// then exit this process after $npm_config_timeout_exit ms",
            "if (Number(process.env.npm_config_timeout_exit)) {",
            "    setTimeout(process.exit, Number(process.env.npm_config_timeout_exit));",
            "}",
            "// start server",
            "if (globalThis.utility2_serverHttp1) {",
            "    return;",
            "}",
            "process.env.PORT = process.env.PORT || \"8081\";",
            "console.error(\"http-server listening on port \" + process.env.PORT);",
            "require(\"http\").createServer(function (req, res) {",
            "    let data;",
            "    data = local.assetsDict[require(\"url\").parse(req.url).pathname];",
            "    if (data !== undefined) {",
            "        res.end(data);",
            "        return;",
            "    }",
            "    res.statusCode = 404;",
            "    res.end();",
            "}).listen(process.env.PORT);",
            "}());",
            "}());",
            ""
        ],
        "l": {
            "107": 2,
            "109": 2,
            "110": 2,
            "111": 2,
            "113": 2,
            "114": 1,
            "115": 1,
            "116": 1,
            "121": 1,
            "122": 1,
            "123": 1,
            "124": 1,
            "128": 2,
            "134": 2,
            "138": 2,
            "142": 2,
            "146": 1,
            "147": 1,
            "148": 1,
            "151": 1,
            "152": 1,
            "155": 1,
            "156": 1,
            "157": 1,
            "159": 1,
            "161": 1,
            "162": 1,
            "163": 1,
            "164": 1,
            "167": 2,
            "171": 1,
            "172": 1,
            "174": 1,
            "191": 2,
            "195": 1,
            "196": 1,
            "197": 1,
            "198": 1,
            "199": 1,
            "200": 1,
            "201": 1,
            "203": 1,
            "205": 1,
            "207": 2,
            "211": 1,
            "213": 2,
            "217": 1,
            "219": 2,
            "224": 1,
            "225": 1,
            "226": 1,
            "229": 1,
            "230": 1,
            "231": 1,
            "232": 1,
            "233": 1,
            "235": 1,
            "240": 1,
            "244": 1,
            "245": 1,
            "247": 2,
            "251": 1,
            "252": 1,
            "256": 2,
            "261": 1,
            "262": 1,
            "263": 1,
            "267": 2,
            "268": 2,
            "269": 2,
            "270": 2,
            "271": 2,
            "272": 2,
            "273": 2,
            "274": 2,
            "275": 2,
            "276": 2,
            "277": 2,
            "278": 2,
            "284": 2,
            "289": 2,
            "291": 2,
            "297": 2,
            "303": 2,
            "304": 2,
            "305": 1,
            "308": 1,
            "309": 2,
            "310": 2,
            "311": 2,
            "312": 2,
            "313": 1,
            "315": 2,
            "316": 2,
            "317": 2,
            "319": 2,
            "320": 2,
            "329": 2,
            "332": 1,
            "333": 1,
            "339": 2,
            "340": 2,
            "341": 1,
            "344": 1,
            "346": 1,
            "348": 1,
            "814": 1,
            "824": 1,
            "829": 6,
            "831": 1,
            "833": 2,
            "835": 1,
            "837": 2,
            "839": 1,
            "842": 1,
            "844": 1,
            "845": 1,
            "847": 1,
            "851": 1,
            "852": 1,
            "855": 1,
            "856": 1,
            "859": 1,
            "860": 1,
            "862": 1,
            "863": 1,
            "864": 1,
            "865": 1,
            "866": 1,
            "867": 1,
            "868": 1,
            "869": 1,
            "871": 1,
            "872": 1
        }
    }
}